Feb-07-2022 08:51:25 | [31merror[39m : Error: 400. Message: You must be logged in.. Stack: Error: You must be logged in.
    at new ApiError (D:\ESTUDIO\ecommerce\server\src\api\errorApi.ts:14:15)
    at Function.ApiError.badRequest (D:\ESTUDIO\ecommerce\server\src\api\errorApi.ts:23:16)
    at D:\ESTUDIO\ecommerce\server\src\controller\auth.ts:52:35
    at module.exports (D:\ESTUDIO\ecommerce\server\node_modules\jsonwebtoken\verify.js:53:12)
    at D:\ESTUDIO\ecommerce\server\src\controller\auth.ts:50:19
    at Generator.next (<anonymous>)
    at D:\ESTUDIO\ecommerce\server\src\controller\auth.ts:8:71
    at new Promise (<anonymous>)
    at __awaiter (D:\ESTUDIO\ecommerce\server\src\controller\auth.ts:4:12)
    at login (D:\ESTUDIO\ecommerce\server\src\controller\auth.ts:21:16)
Feb-07-2022 08:52:34 | [31merror[39m : Error: 400. Message: You must be logged in.. Stack: Error: You must be logged in.
    at new ApiError (D:\ESTUDIO\ecommerce\server\src\api\errorApi.ts:14:15)
    at Function.ApiError.badRequest (D:\ESTUDIO\ecommerce\server\src\api\errorApi.ts:23:16)
    at D:\ESTUDIO\ecommerce\server\src\controller\auth.ts:52:35
    at module.exports (D:\ESTUDIO\ecommerce\server\node_modules\jsonwebtoken\verify.js:53:12)
    at D:\ESTUDIO\ecommerce\server\src\controller\auth.ts:50:19
    at Generator.next (<anonymous>)
    at D:\ESTUDIO\ecommerce\server\src\controller\auth.ts:8:71
    at new Promise (<anonymous>)
    at __awaiter (D:\ESTUDIO\ecommerce\server\src\controller\auth.ts:4:12)
    at login (D:\ESTUDIO\ecommerce\server\src\controller\auth.ts:21:16)
Feb-07-2022 08:53:09 | [31merror[39m : Error: 400. Message: You must be logged in.. Stack: Error: You must be logged in.
    at new ApiError (D:\ESTUDIO\ecommerce\server\src\api\errorApi.ts:14:15)
    at Function.ApiError.badRequest (D:\ESTUDIO\ecommerce\server\src\api\errorApi.ts:23:16)
    at D:\ESTUDIO\ecommerce\server\src\controller\auth.ts:52:35
    at module.exports (D:\ESTUDIO\ecommerce\server\node_modules\jsonwebtoken\verify.js:53:12)
    at D:\ESTUDIO\ecommerce\server\src\controller\auth.ts:50:19
    at Generator.next (<anonymous>)
    at D:\ESTUDIO\ecommerce\server\src\controller\auth.ts:8:71
    at new Promise (<anonymous>)
    at __awaiter (D:\ESTUDIO\ecommerce\server\src\controller\auth.ts:4:12)
    at login (D:\ESTUDIO\ecommerce\server\src\controller\auth.ts:21:16)
Feb-07-2022 08:54:13 | [31merror[39m : Error: 400. Message: You must be logged in.. Stack: Error: You must be logged in.
    at new ApiError (D:\ESTUDIO\ecommerce\server\src\api\errorApi.ts:14:15)
    at Function.ApiError.badRequest (D:\ESTUDIO\ecommerce\server\src\api\errorApi.ts:23:16)
    at D:\ESTUDIO\ecommerce\server\src\controller\auth.ts:52:35
    at module.exports (D:\ESTUDIO\ecommerce\server\node_modules\jsonwebtoken\verify.js:53:12)
    at D:\ESTUDIO\ecommerce\server\src\controller\auth.ts:50:19
    at Generator.next (<anonymous>)
    at D:\ESTUDIO\ecommerce\server\src\controller\auth.ts:8:71
    at new Promise (<anonymous>)
    at __awaiter (D:\ESTUDIO\ecommerce\server\src\controller\auth.ts:4:12)
    at login (D:\ESTUDIO\ecommerce\server\src\controller\auth.ts:21:16)
Feb-07-2022 09:02:20 | [31merror[39m : Error: 400. Message: You must be logged in.. Stack: Error: You must be logged in.
    at new ApiError (D:\ESTUDIO\ecommerce\server\src\api\errorApi.ts:14:15)
    at Function.ApiError.badRequest (D:\ESTUDIO\ecommerce\server\src\api\errorApi.ts:23:16)
    at D:\ESTUDIO\ecommerce\server\src\controller\auth.ts:52:35
    at module.exports (D:\ESTUDIO\ecommerce\server\node_modules\jsonwebtoken\verify.js:53:12)
    at D:\ESTUDIO\ecommerce\server\src\controller\auth.ts:50:19
    at Generator.next (<anonymous>)
    at D:\ESTUDIO\ecommerce\server\src\controller\auth.ts:8:71
    at new Promise (<anonymous>)
    at __awaiter (D:\ESTUDIO\ecommerce\server\src\controller\auth.ts:4:12)
    at login (D:\ESTUDIO\ecommerce\server\src\controller\auth.ts:21:16)
Feb-07-2022 09:10:13 | [31merror[39m : Error: 400. Message: You must be logged in.. Stack: Error: You must be logged in.
    at new ApiError (D:\ESTUDIO\ecommerce\server\src\api\errorApi.ts:14:15)
    at Function.ApiError.badRequest (D:\ESTUDIO\ecommerce\server\src\api\errorApi.ts:23:16)
    at D:\ESTUDIO\ecommerce\server\src\controller\auth.ts:52:35
    at module.exports (D:\ESTUDIO\ecommerce\server\node_modules\jsonwebtoken\verify.js:53:12)
    at D:\ESTUDIO\ecommerce\server\src\controller\auth.ts:50:19
    at Generator.next (<anonymous>)
    at D:\ESTUDIO\ecommerce\server\src\controller\auth.ts:8:71
    at new Promise (<anonymous>)
    at __awaiter (D:\ESTUDIO\ecommerce\server\src\controller\auth.ts:4:12)
    at login (D:\ESTUDIO\ecommerce\server\src\controller\auth.ts:21:16)
Feb-08-2022 09:05:21 | [31merror[39m : Error: 400. Message: You must be logged in.. Stack: Error: You must be logged in.
    at new ApiError (D:\ESTUDIO\ecommerce\server\src\api\errorApi.ts:14:15)
    at Function.ApiError.badRequest (D:\ESTUDIO\ecommerce\server\src\api\errorApi.ts:23:16)
    at D:\ESTUDIO\ecommerce\server\src\controller\auth.ts:52:35
    at module.exports (D:\ESTUDIO\ecommerce\server\node_modules\jsonwebtoken\verify.js:53:12)
    at D:\ESTUDIO\ecommerce\server\src\controller\auth.ts:50:19
    at Generator.next (<anonymous>)
    at D:\ESTUDIO\ecommerce\server\src\controller\auth.ts:8:71
    at new Promise (<anonymous>)
    at __awaiter (D:\ESTUDIO\ecommerce\server\src\controller\auth.ts:4:12)
    at login (D:\ESTUDIO\ecommerce\server\src\controller\auth.ts:21:16)
Feb-13-2022 15:25:22 | [31merror[39m : Error: 400. Message: You must be logged in.. Stack: Error: You must be logged in.
    at new ApiError (D:\ESTUDIO\ecommerce\server\src\api\errorApi.ts:14:15)
    at Function.ApiError.badRequest (D:\ESTUDIO\ecommerce\server\src\api\errorApi.ts:23:16)
    at D:\ESTUDIO\ecommerce\server\src\controller\auth.ts:52:35
    at module.exports (D:\ESTUDIO\ecommerce\server\node_modules\jsonwebtoken\verify.js:53:12)
    at D:\ESTUDIO\ecommerce\server\src\controller\auth.ts:50:19
    at Generator.next (<anonymous>)
    at D:\ESTUDIO\ecommerce\server\src\controller\auth.ts:8:71
    at new Promise (<anonymous>)
    at __awaiter (D:\ESTUDIO\ecommerce\server\src\controller\auth.ts:4:12)
    at login (D:\ESTUDIO\ecommerce\server\src\controller\auth.ts:21:16)
Feb-21-2022 23:14:43 | [31merror[39m : Error: 400. Message: "username" is required. Stack: Error: "username" is required
    at new ApiError (D:\ESTUDIO\ecommerce\server\src\api\errorApi.ts:14:11)
    at Function.ApiError.badRequest (D:\ESTUDIO\ecommerce\server\src\api\errorApi.ts:23:12)
    at D:\ESTUDIO\ecommerce\server\src\controller\users.ts:44:30
    at Generator.next (<anonymous>)
    at fulfilled (D:\ESTUDIO\ecommerce\server\src\controller\users.ts:5:58)
    at processTicksAndRejections (internal/process/task_queues.js:93:5)
Feb-21-2022 23:15:07 | [31merror[39m : Error: 400. Message: "username" is required. Stack: Error: "username" is required
    at new ApiError (D:\ESTUDIO\ecommerce\server\src\api\errorApi.ts:14:11)
    at Function.ApiError.badRequest (D:\ESTUDIO\ecommerce\server\src\api\errorApi.ts:23:12)
    at D:\ESTUDIO\ecommerce\server\src\controller\users.ts:44:30
    at Generator.next (<anonymous>)
    at fulfilled (D:\ESTUDIO\ecommerce\server\src\controller\users.ts:5:58)
    at processTicksAndRejections (internal/process/task_queues.js:93:5)
Feb-21-2022 23:15:59 | [31merror[39m : Error: 400. Message: "username" is required. Stack: Error: "username" is required
    at new ApiError (D:\ESTUDIO\ecommerce\server\src\api\errorApi.ts:14:11)
    at Function.ApiError.badRequest (D:\ESTUDIO\ecommerce\server\src\api\errorApi.ts:23:12)
    at D:\ESTUDIO\ecommerce\server\src\controller\users.ts:44:30
    at Generator.next (<anonymous>)
    at fulfilled (D:\ESTUDIO\ecommerce\server\src\controller\users.ts:5:58)
    at processTicksAndRejections (internal/process/task_queues.js:93:5)
Feb-23-2022 22:14:05 | [31merror[39m : Error: 400. Message: You must provide a valid date.. Stack: Error: You must provide a valid date.
    at new ApiError (D:\ESTUDIO\ecommerce\server\src\api\errorApi.ts:14:11)
    at Function.ApiError.badRequest (D:\ESTUDIO\ecommerce\server\src\api\errorApi.ts:23:12)
    at D:\ESTUDIO\ecommerce\server\src\controller\users.ts:44:30
    at Generator.next (<anonymous>)
    at fulfilled (D:\ESTUDIO\ecommerce\server\src\controller\users.ts:5:58)
    at processTicksAndRejections (internal/process/task_queues.js:93:5)
Feb-23-2022 22:15:18 | [31merror[39m : Error: 400. Message: You must provide a valid date.. Stack: Error: You must provide a valid date.
    at new ApiError (D:\ESTUDIO\ecommerce\server\src\api\errorApi.ts:14:11)
    at Function.ApiError.badRequest (D:\ESTUDIO\ecommerce\server\src\api\errorApi.ts:23:12)
    at D:\ESTUDIO\ecommerce\server\src\controller\users.ts:44:30
    at Generator.next (<anonymous>)
    at fulfilled (D:\ESTUDIO\ecommerce\server\src\controller\users.ts:5:58)
    at processTicksAndRejections (internal/process/task_queues.js:93:5)
Feb-23-2022 22:17:37 | [31merror[39m : Error: 400. Message: You must provide a valid date.. Stack: Error: You must provide a valid date.
    at new ApiError (D:\ESTUDIO\ecommerce\server\src\api\errorApi.ts:14:11)
    at Function.ApiError.badRequest (D:\ESTUDIO\ecommerce\server\src\api\errorApi.ts:23:12)
    at D:\ESTUDIO\ecommerce\server\src\controller\users.ts:44:30
    at Generator.next (<anonymous>)
    at fulfilled (D:\ESTUDIO\ecommerce\server\src\controller\users.ts:5:58)
    at processTicksAndRejections (internal/process/task_queues.js:93:5)
Feb-23-2022 22:19:43 | [31merror[39m : Error: 400. Message: You must provide a valid date.. Stack: Error: You must provide a valid date.
    at new ApiError (D:\ESTUDIO\ecommerce\server\src\api\errorApi.ts:14:11)
    at Function.ApiError.badRequest (D:\ESTUDIO\ecommerce\server\src\api\errorApi.ts:23:12)
    at D:\ESTUDIO\ecommerce\server\src\controller\users.ts:44:30
    at Generator.next (<anonymous>)
    at fulfilled (D:\ESTUDIO\ecommerce\server\src\controller\users.ts:5:58)
    at runMicrotasks (<anonymous>)
    at processTicksAndRejections (internal/process/task_queues.js:93:5)
