Feb-07-2022 08:51:25 | [31merror[39m : Error: 400. Message: You must be logged in.. Stack: Error: You must be logged in.
    at new ApiError (D:\ESTUDIO\ecommerce\server\src\api\errorApi.ts:14:15)
    at Function.ApiError.badRequest (D:\ESTUDIO\ecommerce\server\src\api\errorApi.ts:23:16)
    at D:\ESTUDIO\ecommerce\server\src\controller\auth.ts:52:35
    at module.exports (D:\ESTUDIO\ecommerce\server\node_modules\jsonwebtoken\verify.js:53:12)
    at D:\ESTUDIO\ecommerce\server\src\controller\auth.ts:50:19
    at Generator.next (<anonymous>)
    at D:\ESTUDIO\ecommerce\server\src\controller\auth.ts:8:71
    at new Promise (<anonymous>)
    at __awaiter (D:\ESTUDIO\ecommerce\server\src\controller\auth.ts:4:12)
    at login (D:\ESTUDIO\ecommerce\server\src\controller\auth.ts:21:16)
Feb-07-2022 08:52:34 | [31merror[39m : Error: 400. Message: You must be logged in.. Stack: Error: You must be logged in.
    at new ApiError (D:\ESTUDIO\ecommerce\server\src\api\errorApi.ts:14:15)
    at Function.ApiError.badRequest (D:\ESTUDIO\ecommerce\server\src\api\errorApi.ts:23:16)
    at D:\ESTUDIO\ecommerce\server\src\controller\auth.ts:52:35
    at module.exports (D:\ESTUDIO\ecommerce\server\node_modules\jsonwebtoken\verify.js:53:12)
    at D:\ESTUDIO\ecommerce\server\src\controller\auth.ts:50:19
    at Generator.next (<anonymous>)
    at D:\ESTUDIO\ecommerce\server\src\controller\auth.ts:8:71
    at new Promise (<anonymous>)
    at __awaiter (D:\ESTUDIO\ecommerce\server\src\controller\auth.ts:4:12)
    at login (D:\ESTUDIO\ecommerce\server\src\controller\auth.ts:21:16)
Feb-07-2022 08:53:09 | [31merror[39m : Error: 400. Message: You must be logged in.. Stack: Error: You must be logged in.
    at new ApiError (D:\ESTUDIO\ecommerce\server\src\api\errorApi.ts:14:15)
    at Function.ApiError.badRequest (D:\ESTUDIO\ecommerce\server\src\api\errorApi.ts:23:16)
    at D:\ESTUDIO\ecommerce\server\src\controller\auth.ts:52:35
    at module.exports (D:\ESTUDIO\ecommerce\server\node_modules\jsonwebtoken\verify.js:53:12)
    at D:\ESTUDIO\ecommerce\server\src\controller\auth.ts:50:19
    at Generator.next (<anonymous>)
    at D:\ESTUDIO\ecommerce\server\src\controller\auth.ts:8:71
    at new Promise (<anonymous>)
    at __awaiter (D:\ESTUDIO\ecommerce\server\src\controller\auth.ts:4:12)
    at login (D:\ESTUDIO\ecommerce\server\src\controller\auth.ts:21:16)
Feb-07-2022 08:54:13 | [31merror[39m : Error: 400. Message: You must be logged in.. Stack: Error: You must be logged in.
    at new ApiError (D:\ESTUDIO\ecommerce\server\src\api\errorApi.ts:14:15)
    at Function.ApiError.badRequest (D:\ESTUDIO\ecommerce\server\src\api\errorApi.ts:23:16)
    at D:\ESTUDIO\ecommerce\server\src\controller\auth.ts:52:35
    at module.exports (D:\ESTUDIO\ecommerce\server\node_modules\jsonwebtoken\verify.js:53:12)
    at D:\ESTUDIO\ecommerce\server\src\controller\auth.ts:50:19
    at Generator.next (<anonymous>)
    at D:\ESTUDIO\ecommerce\server\src\controller\auth.ts:8:71
    at new Promise (<anonymous>)
    at __awaiter (D:\ESTUDIO\ecommerce\server\src\controller\auth.ts:4:12)
    at login (D:\ESTUDIO\ecommerce\server\src\controller\auth.ts:21:16)
Feb-07-2022 09:02:20 | [31merror[39m : Error: 400. Message: You must be logged in.. Stack: Error: You must be logged in.
    at new ApiError (D:\ESTUDIO\ecommerce\server\src\api\errorApi.ts:14:15)
    at Function.ApiError.badRequest (D:\ESTUDIO\ecommerce\server\src\api\errorApi.ts:23:16)
    at D:\ESTUDIO\ecommerce\server\src\controller\auth.ts:52:35
    at module.exports (D:\ESTUDIO\ecommerce\server\node_modules\jsonwebtoken\verify.js:53:12)
    at D:\ESTUDIO\ecommerce\server\src\controller\auth.ts:50:19
    at Generator.next (<anonymous>)
    at D:\ESTUDIO\ecommerce\server\src\controller\auth.ts:8:71
    at new Promise (<anonymous>)
    at __awaiter (D:\ESTUDIO\ecommerce\server\src\controller\auth.ts:4:12)
    at login (D:\ESTUDIO\ecommerce\server\src\controller\auth.ts:21:16)
Feb-07-2022 09:10:13 | [31merror[39m : Error: 400. Message: You must be logged in.. Stack: Error: You must be logged in.
    at new ApiError (D:\ESTUDIO\ecommerce\server\src\api\errorApi.ts:14:15)
    at Function.ApiError.badRequest (D:\ESTUDIO\ecommerce\server\src\api\errorApi.ts:23:16)
    at D:\ESTUDIO\ecommerce\server\src\controller\auth.ts:52:35
    at module.exports (D:\ESTUDIO\ecommerce\server\node_modules\jsonwebtoken\verify.js:53:12)
    at D:\ESTUDIO\ecommerce\server\src\controller\auth.ts:50:19
    at Generator.next (<anonymous>)
    at D:\ESTUDIO\ecommerce\server\src\controller\auth.ts:8:71
    at new Promise (<anonymous>)
    at __awaiter (D:\ESTUDIO\ecommerce\server\src\controller\auth.ts:4:12)
    at login (D:\ESTUDIO\ecommerce\server\src\controller\auth.ts:21:16)
Feb-08-2022 09:05:21 | [31merror[39m : Error: 400. Message: You must be logged in.. Stack: Error: You must be logged in.
    at new ApiError (D:\ESTUDIO\ecommerce\server\src\api\errorApi.ts:14:15)
    at Function.ApiError.badRequest (D:\ESTUDIO\ecommerce\server\src\api\errorApi.ts:23:16)
    at D:\ESTUDIO\ecommerce\server\src\controller\auth.ts:52:35
    at module.exports (D:\ESTUDIO\ecommerce\server\node_modules\jsonwebtoken\verify.js:53:12)
    at D:\ESTUDIO\ecommerce\server\src\controller\auth.ts:50:19
    at Generator.next (<anonymous>)
    at D:\ESTUDIO\ecommerce\server\src\controller\auth.ts:8:71
    at new Promise (<anonymous>)
    at __awaiter (D:\ESTUDIO\ecommerce\server\src\controller\auth.ts:4:12)
    at login (D:\ESTUDIO\ecommerce\server\src\controller\auth.ts:21:16)
Feb-13-2022 15:25:22 | [31merror[39m : Error: 400. Message: You must be logged in.. Stack: Error: You must be logged in.
    at new ApiError (D:\ESTUDIO\ecommerce\server\src\api\errorApi.ts:14:15)
    at Function.ApiError.badRequest (D:\ESTUDIO\ecommerce\server\src\api\errorApi.ts:23:16)
    at D:\ESTUDIO\ecommerce\server\src\controller\auth.ts:52:35
    at module.exports (D:\ESTUDIO\ecommerce\server\node_modules\jsonwebtoken\verify.js:53:12)
    at D:\ESTUDIO\ecommerce\server\src\controller\auth.ts:50:19
    at Generator.next (<anonymous>)
    at D:\ESTUDIO\ecommerce\server\src\controller\auth.ts:8:71
    at new Promise (<anonymous>)
    at __awaiter (D:\ESTUDIO\ecommerce\server\src\controller\auth.ts:4:12)
    at login (D:\ESTUDIO\ecommerce\server\src\controller\auth.ts:21:16)
