Jan-04-2022 09:24:26 | [31merror[39m : Error: 404. Message: There's no products.... Stack: Error: There's no products...
    at new ApiError (D:\ESTUDIO\ecommerce\server\src\api\errorApi.ts:14:15)
    at Function.ApiError.notFound (D:\ESTUDIO\ecommerce\server\src\api\errorApi.ts:26:16)
    at MongoProducts.<anonymous> (D:\ESTUDIO\ecommerce\server\src\models\DAOs\Mongo\products.ts:56:34)
    at Generator.next (<anonymous>)
    at fulfilled (D:\ESTUDIO\ecommerce\server\src\models\DAOs\Mongo\products.ts:5:58)
    at processTicksAndRejections (internal/process/task_queues.js:93:5)
Jan-04-2022 09:26:36 | [31merror[39m : Error: 400. Message: Please, type a valid id.. Stack: Error: Please, type a valid id.
    at new ApiError (D:\ESTUDIO\ecommerce\server\src\api\errorApi.ts:14:15)
    at Function.ApiError.badRequest (D:\ESTUDIO\ecommerce\server\src\api\errorApi.ts:23:16)
    at D:\ESTUDIO\ecommerce\server\src\controller\users.ts:27:27
    at Generator.next (<anonymous>)
    at D:\ESTUDIO\ecommerce\server\src\controller\users.ts:8:71
    at new Promise (<anonymous>)
    at __awaiter (D:\ESTUDIO\ecommerce\server\src\controller\users.ts:4:12)
    at getOne (D:\ESTUDIO\ecommerce\server\src\controller\users.ts:26:16)
    at Layer.handle [as handle_request] (D:\ESTUDIO\ecommerce\server\node_modules\express\lib\router\layer.js:95:5)
    at next (D:\ESTUDIO\ecommerce\server\node_modules\express\lib\router\route.js:137:13)
Jan-04-2022 09:27:17 | [31merror[39m : Error: 400. Message: Please, type a valid id.. Stack: Error: Please, type a valid id.
    at new ApiError (D:\ESTUDIO\ecommerce\server\src\api\errorApi.ts:14:15)
    at Function.ApiError.badRequest (D:\ESTUDIO\ecommerce\server\src\api\errorApi.ts:23:16)
    at D:\ESTUDIO\ecommerce\server\src\controller\users.ts:28:27
    at Generator.next (<anonymous>)
    at D:\ESTUDIO\ecommerce\server\src\controller\users.ts:8:71
    at new Promise (<anonymous>)
    at __awaiter (D:\ESTUDIO\ecommerce\server\src\controller\users.ts:4:12)
    at getOne (D:\ESTUDIO\ecommerce\server\src\controller\users.ts:26:16)
    at Layer.handle [as handle_request] (D:\ESTUDIO\ecommerce\server\node_modules\express\lib\router\layer.js:95:5)
    at next (D:\ESTUDIO\ecommerce\server\node_modules\express\lib\router\route.js:137:13)
Jan-04-2022 09:30:01 | [31merror[39m : Error: 400. Message: Please, type a valid id.. Stack: Error: Please, type a valid id.
    at new ApiError (D:\ESTUDIO\ecommerce\server\src\api\errorApi.ts:14:15)
    at Function.ApiError.badRequest (D:\ESTUDIO\ecommerce\server\src\api\errorApi.ts:23:16)
    at D:\ESTUDIO\ecommerce\server\src\controller\users.ts:27:27
    at Generator.next (<anonymous>)
    at D:\ESTUDIO\ecommerce\server\src\controller\users.ts:8:71
    at new Promise (<anonymous>)
    at __awaiter (D:\ESTUDIO\ecommerce\server\src\controller\users.ts:4:12)
    at getOne (D:\ESTUDIO\ecommerce\server\src\controller\users.ts:26:16)
    at Layer.handle [as handle_request] (D:\ESTUDIO\ecommerce\server\node_modules\express\lib\router\layer.js:95:5)
    at next (D:\ESTUDIO\ecommerce\server\node_modules\express\lib\router\route.js:137:13)
Jan-04-2022 22:08:08 | [31merror[39m : Error: 400. Message: Please, type a valid id.. Stack: Error: Please, type a valid id.
    at new ApiError (D:\ESTUDIO\ecommerce\server\src\api\errorApi.ts:14:15)
    at Function.ApiError.badRequest (D:\ESTUDIO\ecommerce\server\src\api\errorApi.ts:23:16)
    at D:\ESTUDIO\ecommerce\server\src\controller\users.ts:28:27
    at Generator.next (<anonymous>)
    at D:\ESTUDIO\ecommerce\server\src\controller\users.ts:8:71
    at new Promise (<anonymous>)
    at __awaiter (D:\ESTUDIO\ecommerce\server\src\controller\users.ts:4:12)
    at getOne (D:\ESTUDIO\ecommerce\server\src\controller\users.ts:26:16)
    at Layer.handle [as handle_request] (D:\ESTUDIO\ecommerce\server\node_modules\express\lib\router\layer.js:95:5)
    at next (D:\ESTUDIO\ecommerce\server\node_modules\express\lib\router\route.js:137:13)
Jan-04-2022 22:14:46 | [31merror[39m : Error: 400. Message: Please, type a valid id.. Stack: Error: Please, type a valid id.
    at new ApiError (D:\ESTUDIO\ecommerce\server\src\api\errorApi.ts:14:15)
    at Function.ApiError.badRequest (D:\ESTUDIO\ecommerce\server\src\api\errorApi.ts:23:16)
    at D:\ESTUDIO\ecommerce\server\src\controller\users.ts:28:27
    at Generator.next (<anonymous>)
    at D:\ESTUDIO\ecommerce\server\src\controller\users.ts:8:71
    at new Promise (<anonymous>)
    at __awaiter (D:\ESTUDIO\ecommerce\server\src\controller\users.ts:4:12)
    at getOne (D:\ESTUDIO\ecommerce\server\src\controller\users.ts:26:16)
    at Layer.handle [as handle_request] (D:\ESTUDIO\ecommerce\server\node_modules\express\lib\router\layer.js:95:5)
    at next (D:\ESTUDIO\ecommerce\server\node_modules\express\lib\router\route.js:137:13)
Jan-04-2022 22:15:21 | [31merror[39m : Error: 400. Message: Please, type a valid id.. Stack: Error: Please, type a valid id.
    at new ApiError (D:\ESTUDIO\ecommerce\server\src\api\errorApi.ts:14:15)
    at Function.ApiError.badRequest (D:\ESTUDIO\ecommerce\server\src\api\errorApi.ts:23:16)
    at D:\ESTUDIO\ecommerce\server\src\controller\users.ts:28:27
    at Generator.next (<anonymous>)
    at D:\ESTUDIO\ecommerce\server\src\controller\users.ts:8:71
    at new Promise (<anonymous>)
    at __awaiter (D:\ESTUDIO\ecommerce\server\src\controller\users.ts:4:12)
    at getOne (D:\ESTUDIO\ecommerce\server\src\controller\users.ts:26:16)
    at Layer.handle [as handle_request] (D:\ESTUDIO\ecommerce\server\node_modules\express\lib\router\layer.js:95:5)
    at next (D:\ESTUDIO\ecommerce\server\node_modules\express\lib\router\route.js:137:13)
Jan-04-2022 22:17:36 | [31merror[39m : Error: 400. Message: Please, type a valid id.. Stack: Error: Please, type a valid id.
    at new ApiError (D:\ESTUDIO\ecommerce\server\src\api\errorApi.ts:14:15)
    at Function.ApiError.badRequest (D:\ESTUDIO\ecommerce\server\src\api\errorApi.ts:23:16)
    at D:\ESTUDIO\ecommerce\server\src\controller\users.ts:28:27
    at Generator.next (<anonymous>)
    at D:\ESTUDIO\ecommerce\server\src\controller\users.ts:8:71
    at new Promise (<anonymous>)
    at __awaiter (D:\ESTUDIO\ecommerce\server\src\controller\users.ts:4:12)
    at getOne (D:\ESTUDIO\ecommerce\server\src\controller\users.ts:26:16)
    at Layer.handle [as handle_request] (D:\ESTUDIO\ecommerce\server\node_modules\express\lib\router\layer.js:95:5)
    at next (D:\ESTUDIO\ecommerce\server\node_modules\express\lib\router\route.js:137:13)
Jan-04-2022 22:18:46 | [31merror[39m : Error: 400. Message: Please, type a valid id.. Stack: Error: Please, type a valid id.
    at new ApiError (D:\ESTUDIO\ecommerce\server\src\api\errorApi.ts:14:15)
    at Function.ApiError.badRequest (D:\ESTUDIO\ecommerce\server\src\api\errorApi.ts:23:16)
    at D:\ESTUDIO\ecommerce\server\src\controller\users.ts:30:27
    at Generator.next (<anonymous>)
    at D:\ESTUDIO\ecommerce\server\src\controller\users.ts:8:71
    at new Promise (<anonymous>)
    at __awaiter (D:\ESTUDIO\ecommerce\server\src\controller\users.ts:4:12)
    at getOne (D:\ESTUDIO\ecommerce\server\src\controller\users.ts:26:16)
    at Layer.handle [as handle_request] (D:\ESTUDIO\ecommerce\server\node_modules\express\lib\router\layer.js:95:5)
    at next (D:\ESTUDIO\ecommerce\server\node_modules\express\lib\router\route.js:137:13)
Jan-04-2022 22:20:58 | [31merror[39m : Error: 400. Message: Please, type a valid id.. Stack: Error: Please, type a valid id.
    at new ApiError (D:\ESTUDIO\ecommerce\server\src\api\errorApi.ts:14:15)
    at Function.ApiError.badRequest (D:\ESTUDIO\ecommerce\server\src\api\errorApi.ts:23:16)
    at D:\ESTUDIO\ecommerce\server\src\controller\users.ts:29:27
    at Generator.next (<anonymous>)
    at D:\ESTUDIO\ecommerce\server\src\controller\users.ts:8:71
    at new Promise (<anonymous>)
    at __awaiter (D:\ESTUDIO\ecommerce\server\src\controller\users.ts:4:12)
    at getOne (D:\ESTUDIO\ecommerce\server\src\controller\users.ts:26:16)
    at Layer.handle [as handle_request] (D:\ESTUDIO\ecommerce\server\node_modules\express\lib\router\layer.js:95:5)
    at next (D:\ESTUDIO\ecommerce\server\node_modules\express\lib\router\route.js:137:13)
Jan-04-2022 22:22:24 | [31merror[39m : Error: 400. Message: Please, type a valid id.. Stack: Error: Please, type a valid id.
    at new ApiError (D:\ESTUDIO\ecommerce\server\src\api\errorApi.ts:14:15)
    at Function.ApiError.badRequest (D:\ESTUDIO\ecommerce\server\src\api\errorApi.ts:23:16)
    at D:\ESTUDIO\ecommerce\server\src\controller\users.ts:29:27
    at Generator.next (<anonymous>)
    at D:\ESTUDIO\ecommerce\server\src\controller\users.ts:8:71
    at new Promise (<anonymous>)
    at __awaiter (D:\ESTUDIO\ecommerce\server\src\controller\users.ts:4:12)
    at getOne (D:\ESTUDIO\ecommerce\server\src\controller\users.ts:26:16)
    at Layer.handle [as handle_request] (D:\ESTUDIO\ecommerce\server\node_modules\express\lib\router\layer.js:95:5)
    at next (D:\ESTUDIO\ecommerce\server\node_modules\express\lib\router\route.js:137:13)
Jan-04-2022 22:26:08 | [31merror[39m : Error: 400. Message: Please, type a valid id.. Stack: Error: Please, type a valid id.
    at new ApiError (D:\ESTUDIO\ecommerce\server\src\api\errorApi.ts:14:15)
    at Function.ApiError.badRequest (D:\ESTUDIO\ecommerce\server\src\api\errorApi.ts:23:16)
    at D:\ESTUDIO\ecommerce\server\src\controller\users.ts:30:27
    at Generator.next (<anonymous>)
    at D:\ESTUDIO\ecommerce\server\src\controller\users.ts:8:71
    at new Promise (<anonymous>)
    at __awaiter (D:\ESTUDIO\ecommerce\server\src\controller\users.ts:4:12)
    at getOne (D:\ESTUDIO\ecommerce\server\src\controller\users.ts:26:16)
    at Layer.handle [as handle_request] (D:\ESTUDIO\ecommerce\server\node_modules\express\lib\router\layer.js:95:5)
    at next (D:\ESTUDIO\ecommerce\server\node_modules\express\lib\router\route.js:137:13)
Jan-04-2022 22:27:40 | [31merror[39m : Error: 400. Message: Please, type a valid id.. Stack: Error: Please, type a valid id.
    at new ApiError (D:\ESTUDIO\ecommerce\server\src\api\errorApi.ts:14:15)
    at Function.ApiError.badRequest (D:\ESTUDIO\ecommerce\server\src\api\errorApi.ts:23:16)
    at D:\ESTUDIO\ecommerce\server\src\controller\users.ts:31:27
    at Generator.next (<anonymous>)
    at D:\ESTUDIO\ecommerce\server\src\controller\users.ts:8:71
    at new Promise (<anonymous>)
    at __awaiter (D:\ESTUDIO\ecommerce\server\src\controller\users.ts:4:12)
    at getOne (D:\ESTUDIO\ecommerce\server\src\controller\users.ts:26:16)
    at Layer.handle [as handle_request] (D:\ESTUDIO\ecommerce\server\node_modules\express\lib\router\layer.js:95:5)
    at next (D:\ESTUDIO\ecommerce\server\node_modules\express\lib\router\route.js:137:13)
Jan-04-2022 22:32:16 | [31merror[39m : Error: 400. Message: Please, type a valid id.. Stack: Error: Please, type a valid id.
    at new ApiError (D:\ESTUDIO\ecommerce\server\src\api\errorApi.ts:14:15)
    at Function.ApiError.badRequest (D:\ESTUDIO\ecommerce\server\src\api\errorApi.ts:23:16)
    at D:\ESTUDIO\ecommerce\server\src\controller\users.ts:29:27
    at Generator.next (<anonymous>)
    at D:\ESTUDIO\ecommerce\server\src\controller\users.ts:8:71
    at new Promise (<anonymous>)
    at __awaiter (D:\ESTUDIO\ecommerce\server\src\controller\users.ts:4:12)
    at getOne (D:\ESTUDIO\ecommerce\server\src\controller\users.ts:26:16)
    at Layer.handle [as handle_request] (D:\ESTUDIO\ecommerce\server\node_modules\express\lib\router\layer.js:95:5)
    at next (D:\ESTUDIO\ecommerce\server\node_modules\express\lib\router\route.js:137:13)
Jan-04-2022 22:34:13 | [31merror[39m : Error: 400. Message: Please, type a valid id.. Stack: Error: Please, type a valid id.
    at new ApiError (D:\ESTUDIO\ecommerce\server\src\api\errorApi.ts:14:15)
    at Function.ApiError.badRequest (D:\ESTUDIO\ecommerce\server\src\api\errorApi.ts:23:16)
    at D:\ESTUDIO\ecommerce\server\src\controller\users.ts:30:27
    at Generator.next (<anonymous>)
    at D:\ESTUDIO\ecommerce\server\src\controller\users.ts:8:71
    at new Promise (<anonymous>)
    at __awaiter (D:\ESTUDIO\ecommerce\server\src\controller\users.ts:4:12)
    at getOne (D:\ESTUDIO\ecommerce\server\src\controller\users.ts:26:16)
    at Layer.handle [as handle_request] (D:\ESTUDIO\ecommerce\server\node_modules\express\lib\router\layer.js:95:5)
    at next (D:\ESTUDIO\ecommerce\server\node_modules\express\lib\router\route.js:137:13)
Jan-05-2022 01:55:19 | [31merror[39m : Error: 400. Message: You must be logged in.. Stack: Error: You must be logged in.
    at new ApiError (D:\ESTUDIO\ecommerce\server\src\api\errorApi.ts:14:15)
    at Function.ApiError.badRequest (D:\ESTUDIO\ecommerce\server\src\api\errorApi.ts:23:16)
    at D:\ESTUDIO\ecommerce\server\src\controller\auth.ts:107:27
    at Generator.next (<anonymous>)
    at D:\ESTUDIO\ecommerce\server\src\controller\auth.ts:8:71
    at new Promise (<anonymous>)
    at __awaiter (D:\ESTUDIO\ecommerce\server\src\controller\auth.ts:4:12)
    at isAdmin (D:\ESTUDIO\ecommerce\server\src\controller\auth.ts:107:16)
    at Layer.handle [as handle_request] (D:\ESTUDIO\ecommerce\server\node_modules\express\lib\router\layer.js:95:5)
    at next (D:\ESTUDIO\ecommerce\server\node_modules\express\lib\router\route.js:137:13)
Jan-05-2022 01:56:43 | [31merror[39m : Error: 400. Message: Username or password not correct.... Stack: Error: Username or password not correct...
    at new ApiError (D:\ESTUDIO\ecommerce\server\src\api\errorApi.ts:14:15)
    at Function.ApiError.badRequest (D:\ESTUDIO\ecommerce\server\src\api\errorApi.ts:23:16)
    at D:\ESTUDIO\ecommerce\server\src\controller\auth.ts:48:35
    at processTicksAndRejections (internal/process/task_queues.js:93:5)
Jan-05-2022 02:00:01 | [31merror[39m : Error: 500. Message: Expected "payload" to be a plain object.. Stack: Error: Expected "payload" to be a plain object.
    at new ApiError (D:\ESTUDIO\ecommerce\server\src\api\errorApi.ts:14:15)
    at Function.ApiError.internalError (D:\ESTUDIO\ecommerce\server\src\api\errorApi.ts:29:16)
    at D:\ESTUDIO\ecommerce\server\src\controller\auth.ts:39:43
    at failure (D:\ESTUDIO\ecommerce\server\node_modules\jsonwebtoken\sign.js:101:14)
    at module.exports (D:\ESTUDIO\ecommerce\server\node_modules\jsonwebtoken\sign.js:117:14)
    at D:\ESTUDIO\ecommerce\server\src\controller\auth.ts:37:25
Jan-05-2022 02:01:48 | [31merror[39m : Error: 500. Message: invalid expiresIn option for string payload. Stack: Error: invalid expiresIn option for string payload
    at new ApiError (D:\ESTUDIO\ecommerce\server\src\api\errorApi.ts:14:15)
    at Function.ApiError.internalError (D:\ESTUDIO\ecommerce\server\src\api\errorApi.ts:29:16)
    at D:\ESTUDIO\ecommerce\server\src\controller\auth.ts:39:43
    at failure (D:\ESTUDIO\ecommerce\server\node_modules\jsonwebtoken\sign.js:101:14)
    at module.exports (D:\ESTUDIO\ecommerce\server\node_modules\jsonwebtoken\sign.js:128:14)
    at D:\ESTUDIO\ecommerce\server\src\controller\auth.ts:37:25
Jan-05-2022 02:03:17 | [31merror[39m : Error: 500. Message: invalid expiresIn option for string payload. Stack: Error: invalid expiresIn option for string payload
    at new ApiError (D:\ESTUDIO\ecommerce\server\src\api\errorApi.ts:14:15)
    at Function.ApiError.internalError (D:\ESTUDIO\ecommerce\server\src\api\errorApi.ts:29:16)
    at D:\ESTUDIO\ecommerce\server\src\controller\auth.ts:40:43
    at failure (D:\ESTUDIO\ecommerce\server\node_modules\jsonwebtoken\sign.js:101:14)
    at module.exports (D:\ESTUDIO\ecommerce\server\node_modules\jsonwebtoken\sign.js:128:14)
    at D:\ESTUDIO\ecommerce\server\src\controller\auth.ts:38:25
Jan-05-2022 02:08:47 | [31merror[39m : Error: 500. Message: Expected "payload" to be a plain object.. Stack: Error: Expected "payload" to be a plain object.
    at new ApiError (D:\ESTUDIO\ecommerce\server\src\api\errorApi.ts:14:15)
    at Function.ApiError.internalError (D:\ESTUDIO\ecommerce\server\src\api\errorApi.ts:29:16)
    at D:\ESTUDIO\ecommerce\server\src\controller\auth.ts:40:43
    at failure (D:\ESTUDIO\ecommerce\server\node_modules\jsonwebtoken\sign.js:101:14)
    at module.exports (D:\ESTUDIO\ecommerce\server\node_modules\jsonwebtoken\sign.js:117:14)
    at D:\ESTUDIO\ecommerce\server\src\controller\auth.ts:38:25
Jan-05-2022 02:09:41 | [31merror[39m : Error: 500. Message: Expected "payload" to be a plain object.. Stack: Error: Expected "payload" to be a plain object.
    at new ApiError (D:\ESTUDIO\ecommerce\server\src\api\errorApi.ts:14:15)
    at Function.ApiError.internalError (D:\ESTUDIO\ecommerce\server\src\api\errorApi.ts:29:16)
    at D:\ESTUDIO\ecommerce\server\src\controller\auth.ts:40:43
    at failure (D:\ESTUDIO\ecommerce\server\node_modules\jsonwebtoken\sign.js:101:14)
    at module.exports (D:\ESTUDIO\ecommerce\server\node_modules\jsonwebtoken\sign.js:117:14)
    at D:\ESTUDIO\ecommerce\server\src\controller\auth.ts:38:25
Jan-05-2022 02:13:18 | [31merror[39m : Error: 400. Message: You must be logged in.. Stack: Error: You must be logged in.
    at new ApiError (D:\ESTUDIO\ecommerce\server\src\api\errorApi.ts:14:15)
    at Function.ApiError.badRequest (D:\ESTUDIO\ecommerce\server\src\api\errorApi.ts:23:16)
    at D:\ESTUDIO\ecommerce\server\src\controller\auth.ts:107:27
    at Generator.next (<anonymous>)
    at D:\ESTUDIO\ecommerce\server\src\controller\auth.ts:8:71
    at new Promise (<anonymous>)
    at __awaiter (D:\ESTUDIO\ecommerce\server\src\controller\auth.ts:4:12)
    at isAdmin (D:\ESTUDIO\ecommerce\server\src\controller\auth.ts:107:16)
    at Layer.handle [as handle_request] (D:\ESTUDIO\ecommerce\server\node_modules\express\lib\router\layer.js:95:5)
    at next (D:\ESTUDIO\ecommerce\server\node_modules\express\lib\router\route.js:137:13)
Jan-05-2022 02:15:33 | [31merror[39m : Error: 404. Message: There are no carts created.. Stack: Error: There are no carts created.
    at new ApiError (D:\ESTUDIO\ecommerce\server\src\api\errorApi.ts:14:15)
    at Function.ApiError.notFound (D:\ESTUDIO\ecommerce\server\src\api\errorApi.ts:26:16)
    at MongoCart.<anonymous> (D:\ESTUDIO\ecommerce\server\src\models\DAOs\Mongo\cart.ts:79:37)
    at Generator.next (<anonymous>)
    at fulfilled (D:\ESTUDIO\ecommerce\server\src\models\DAOs\Mongo\cart.ts:5:58)
    at processTicksAndRejections (internal/process/task_queues.js:93:5)
Jan-05-2022 09:14:10 | [31merror[39m : Error: 400. Message: Username or password not correct.... Stack: Error: Username or password not correct...
    at new ApiError (D:\ESTUDIO\ecommerce\server\src\api\errorApi.ts:14:15)
    at Function.ApiError.badRequest (D:\ESTUDIO\ecommerce\server\src\api\errorApi.ts:23:16)
    at D:\ESTUDIO\ecommerce\server\src\controller\auth.ts:50:35
Jan-05-2022 09:14:57 | [31merror[39m : Error: 400. Message: Username or password not correct.... Stack: Error: Username or password not correct...
    at new ApiError (D:\ESTUDIO\ecommerce\server\src\api\errorApi.ts:14:15)
    at Function.ApiError.badRequest (D:\ESTUDIO\ecommerce\server\src\api\errorApi.ts:23:16)
    at D:\ESTUDIO\ecommerce\server\src\controller\auth.ts:50:35
Jan-05-2022 09:32:54 | [31merror[39m : Error: 400. Message: You must be logged in.. Stack: Error: You must be logged in.
    at new ApiError (D:\ESTUDIO\ecommerce\server\src\api\errorApi.ts:14:15)
    at Function.ApiError.badRequest (D:\ESTUDIO\ecommerce\server\src\api\errorApi.ts:23:16)
    at D:\ESTUDIO\ecommerce\server\src\controller\auth.ts:35:27
    at Generator.next (<anonymous>)
    at D:\ESTUDIO\ecommerce\server\src\controller\auth.ts:8:71
    at new Promise (<anonymous>)
    at __awaiter (D:\ESTUDIO\ecommerce\server\src\controller\auth.ts:4:12)
    at login (D:\ESTUDIO\ecommerce\server\src\controller\auth.ts:20:16)
    at Layer.handle [as handle_request] (D:\ESTUDIO\ecommerce\server\node_modules\express\lib\router\layer.js:95:5)
    at next (D:\ESTUDIO\ecommerce\server\node_modules\express\lib\router\route.js:137:13)
Jan-05-2022 18:11:34 | [31merror[39m : Error: 404. Message: User not found.. Stack: Error: User not found.
    at new ApiError (C:\Users\DEPOSITO\Desktop\LAUTARO\Coder\ecommerce-project\server\src\api\errorApi.ts:14:15)
    at Function.ApiError.notFound (C:\Users\DEPOSITO\Desktop\LAUTARO\Coder\ecommerce-project\server\src\api\errorApi.ts:26:16)
    at MongoUsers.<anonymous> (C:\Users\DEPOSITO\Desktop\LAUTARO\Coder\ecommerce-project\server\src\models\DAOs\Mongo\users.ts:142:33)
    at Generator.next (<anonymous>)
    at fulfilled (C:\Users\DEPOSITO\Desktop\LAUTARO\Coder\ecommerce-project\server\src\models\DAOs\Mongo\users.ts:5:58)
    at processTicksAndRejections (node:internal/process/task_queues:96:5)
Jan-05-2022 18:15:46 | [31merror[39m : Error: 400. Message: You must be logged in.. Stack: Error: You must be logged in.
    at new ApiError (C:\Users\DEPOSITO\Desktop\LAUTARO\Coder\ecommerce-project\server\src\api\errorApi.ts:14:15)
    at Function.ApiError.badRequest (C:\Users\DEPOSITO\Desktop\LAUTARO\Coder\ecommerce-project\server\src\api\errorApi.ts:23:16)
    at C:\Users\DEPOSITO\Desktop\LAUTARO\Coder\ecommerce-project\server\src\controller\auth.ts:112:35
    at C:\Users\DEPOSITO\Desktop\LAUTARO\Coder\ecommerce-project\server\node_modules\jsonwebtoken\verify.js:152:16
    at getSecret (C:\Users\DEPOSITO\Desktop\LAUTARO\Coder\ecommerce-project\server\node_modules\jsonwebtoken\verify.js:90:14)
    at module.exports (C:\Users\DEPOSITO\Desktop\LAUTARO\Coder\ecommerce-project\server\node_modules\jsonwebtoken\verify.js:94:10)
    at C:\Users\DEPOSITO\Desktop\LAUTARO\Coder\ecommerce-project\server\src\controller\auth.ts:110:19
    at Generator.next (<anonymous>)
    at C:\Users\DEPOSITO\Desktop\LAUTARO\Coder\ecommerce-project\server\src\controller\auth.ts:8:71
    at new Promise (<anonymous>)
Jan-05-2022 18:15:57 | [31merror[39m : Error: 400. Message: You must be logged in.. Stack: Error: You must be logged in.
    at new ApiError (C:\Users\DEPOSITO\Desktop\LAUTARO\Coder\ecommerce-project\server\src\api\errorApi.ts:14:15)
    at Function.ApiError.badRequest (C:\Users\DEPOSITO\Desktop\LAUTARO\Coder\ecommerce-project\server\src\api\errorApi.ts:23:16)
    at C:\Users\DEPOSITO\Desktop\LAUTARO\Coder\ecommerce-project\server\src\controller\auth.ts:117:35
    at C:\Users\DEPOSITO\Desktop\LAUTARO\Coder\ecommerce-project\server\node_modules\jsonwebtoken\verify.js:223:12
    at getSecret (C:\Users\DEPOSITO\Desktop\LAUTARO\Coder\ecommerce-project\server\node_modules\jsonwebtoken\verify.js:90:14)
    at module.exports (C:\Users\DEPOSITO\Desktop\LAUTARO\Coder\ecommerce-project\server\node_modules\jsonwebtoken\verify.js:94:10)
    at C:\Users\DEPOSITO\Desktop\LAUTARO\Coder\ecommerce-project\server\src\controller\auth.ts:110:19
    at Generator.next (<anonymous>)
    at C:\Users\DEPOSITO\Desktop\LAUTARO\Coder\ecommerce-project\server\src\controller\auth.ts:8:71
    at new Promise (<anonymous>)
Jan-05-2022 18:16:34 | [31merror[39m : Error: 400. Message: You must be logged in.. Stack: Error: You must be logged in.
    at new ApiError (C:\Users\DEPOSITO\Desktop\LAUTARO\Coder\ecommerce-project\server\src\api\errorApi.ts:14:15)
    at Function.ApiError.badRequest (C:\Users\DEPOSITO\Desktop\LAUTARO\Coder\ecommerce-project\server\src\api\errorApi.ts:23:16)
    at C:\Users\DEPOSITO\Desktop\LAUTARO\Coder\ecommerce-project\server\src\controller\auth.ts:117:35
    at C:\Users\DEPOSITO\Desktop\LAUTARO\Coder\ecommerce-project\server\node_modules\jsonwebtoken\verify.js:223:12
    at getSecret (C:\Users\DEPOSITO\Desktop\LAUTARO\Coder\ecommerce-project\server\node_modules\jsonwebtoken\verify.js:90:14)
    at module.exports (C:\Users\DEPOSITO\Desktop\LAUTARO\Coder\ecommerce-project\server\node_modules\jsonwebtoken\verify.js:94:10)
    at C:\Users\DEPOSITO\Desktop\LAUTARO\Coder\ecommerce-project\server\src\controller\auth.ts:110:19
    at Generator.next (<anonymous>)
    at C:\Users\DEPOSITO\Desktop\LAUTARO\Coder\ecommerce-project\server\src\controller\auth.ts:8:71
    at new Promise (<anonymous>)
Jan-05-2022 18:19:41 | [31merror[39m : Error: 400. Message: You must be logged in.. Stack: Error: You must be logged in.
    at new ApiError (C:\Users\DEPOSITO\Desktop\LAUTARO\Coder\ecommerce-project\server\src\api\errorApi.ts:14:15)
    at Function.ApiError.badRequest (C:\Users\DEPOSITO\Desktop\LAUTARO\Coder\ecommerce-project\server\src\api\errorApi.ts:23:16)
    at C:\Users\DEPOSITO\Desktop\LAUTARO\Coder\ecommerce-project\server\src\controller\auth.ts:121:27
    at Generator.next (<anonymous>)
    at C:\Users\DEPOSITO\Desktop\LAUTARO\Coder\ecommerce-project\server\src\controller\auth.ts:8:71
    at new Promise (<anonymous>)
    at __awaiter (C:\Users\DEPOSITO\Desktop\LAUTARO\Coder\ecommerce-project\server\src\controller\auth.ts:4:12)
    at isAdmin (C:\Users\DEPOSITO\Desktop\LAUTARO\Coder\ecommerce-project\server\src\controller\auth.ts:108:16)
    at Layer.handle [as handle_request] (C:\Users\DEPOSITO\Desktop\LAUTARO\Coder\ecommerce-project\server\node_modules\express\lib\router\layer.js:95:5)
    at next (C:\Users\DEPOSITO\Desktop\LAUTARO\Coder\ecommerce-project\server\node_modules\express\lib\router\route.js:137:13)
Jan-05-2022 18:19:48 | [31merror[39m : Error: 400. Message: You must be logged in.. Stack: Error: You must be logged in.
    at new ApiError (C:\Users\DEPOSITO\Desktop\LAUTARO\Coder\ecommerce-project\server\src\api\errorApi.ts:14:15)
    at Function.ApiError.badRequest (C:\Users\DEPOSITO\Desktop\LAUTARO\Coder\ecommerce-project\server\src\api\errorApi.ts:23:16)
    at C:\Users\DEPOSITO\Desktop\LAUTARO\Coder\ecommerce-project\server\src\controller\auth.ts:112:35
    at module.exports (C:\Users\DEPOSITO\Desktop\LAUTARO\Coder\ecommerce-project\server\node_modules\jsonwebtoken\verify.js:63:12)
    at C:\Users\DEPOSITO\Desktop\LAUTARO\Coder\ecommerce-project\server\src\controller\auth.ts:110:19
    at Generator.next (<anonymous>)
    at C:\Users\DEPOSITO\Desktop\LAUTARO\Coder\ecommerce-project\server\src\controller\auth.ts:8:71
    at new Promise (<anonymous>)
    at __awaiter (C:\Users\DEPOSITO\Desktop\LAUTARO\Coder\ecommerce-project\server\src\controller\auth.ts:4:12)
    at isAdmin (C:\Users\DEPOSITO\Desktop\LAUTARO\Coder\ecommerce-project\server\src\controller\auth.ts:108:16)
Jan-05-2022 18:20:04 | [31merror[39m : Error: 400. Message: You must be logged in.. Stack: Error: You must be logged in.
    at new ApiError (C:\Users\DEPOSITO\Desktop\LAUTARO\Coder\ecommerce-project\server\src\api\errorApi.ts:14:15)
    at Function.ApiError.badRequest (C:\Users\DEPOSITO\Desktop\LAUTARO\Coder\ecommerce-project\server\src\api\errorApi.ts:23:16)
    at C:\Users\DEPOSITO\Desktop\LAUTARO\Coder\ecommerce-project\server\src\controller\auth.ts:112:35
    at C:\Users\DEPOSITO\Desktop\LAUTARO\Coder\ecommerce-project\server\node_modules\jsonwebtoken\verify.js:133:14
    at getSecret (C:\Users\DEPOSITO\Desktop\LAUTARO\Coder\ecommerce-project\server\node_modules\jsonwebtoken\verify.js:90:14)
    at module.exports (C:\Users\DEPOSITO\Desktop\LAUTARO\Coder\ecommerce-project\server\node_modules\jsonwebtoken\verify.js:94:10)
    at C:\Users\DEPOSITO\Desktop\LAUTARO\Coder\ecommerce-project\server\src\controller\auth.ts:110:19
    at Generator.next (<anonymous>)
    at C:\Users\DEPOSITO\Desktop\LAUTARO\Coder\ecommerce-project\server\src\controller\auth.ts:8:71
    at new Promise (<anonymous>)
Jan-05-2022 18:22:53 | [31merror[39m : Error: 400. Message: Product quantity needs to be specified.. Stack: Error: Product quantity needs to be specified.
    at new ApiError (C:\Users\DEPOSITO\Desktop\LAUTARO\Coder\ecommerce-project\server\src\api\errorApi.ts:14:15)
    at Function.ApiError.badRequest (C:\Users\DEPOSITO\Desktop\LAUTARO\Coder\ecommerce-project\server\src\api\errorApi.ts:23:16)
    at C:\Users\DEPOSITO\Desktop\LAUTARO\Coder\ecommerce-project\server\src\controller\cart.ts:76:31
    at Generator.next (<anonymous>)
    at C:\Users\DEPOSITO\Desktop\LAUTARO\Coder\ecommerce-project\server\src\controller\cart.ts:8:71
    at new Promise (<anonymous>)
    at __awaiter (C:\Users\DEPOSITO\Desktop\LAUTARO\Coder\ecommerce-project\server\src\controller\cart.ts:4:12)
    at addToCart (C:\Users\DEPOSITO\Desktop\LAUTARO\Coder\ecommerce-project\server\src\controller\cart.ts:47:16)
    at Layer.handle [as handle_request] (C:\Users\DEPOSITO\Desktop\LAUTARO\Coder\ecommerce-project\server\node_modules\express\lib\router\layer.js:95:5)
    at next (C:\Users\DEPOSITO\Desktop\LAUTARO\Coder\ecommerce-project\server\node_modules\express\lib\router\route.js:137:13)
Jan-05-2022 19:38:38 | [31merror[39m : Error: 400. Message: You must be logged in.. Stack: Error: You must be logged in.
    at new ApiError (C:\Users\DEPOSITO\Desktop\LAUTARO\Coder\ecommerce-project\server\src\api\errorApi.ts:14:15)
    at Function.ApiError.badRequest (C:\Users\DEPOSITO\Desktop\LAUTARO\Coder\ecommerce-project\server\src\api\errorApi.ts:23:16)
    at C:\Users\DEPOSITO\Desktop\LAUTARO\Coder\ecommerce-project\server\src\controller\auth.ts:96:35
    at module.exports (C:\Users\DEPOSITO\Desktop\LAUTARO\Coder\ecommerce-project\server\node_modules\jsonwebtoken\verify.js:75:12)
    at C:\Users\DEPOSITO\Desktop\LAUTARO\Coder\ecommerce-project\server\src\controller\auth.ts:94:19
    at Generator.next (<anonymous>)
    at C:\Users\DEPOSITO\Desktop\LAUTARO\Coder\ecommerce-project\server\src\controller\auth.ts:8:71
    at new Promise (<anonymous>)
    at __awaiter (C:\Users\DEPOSITO\Desktop\LAUTARO\Coder\ecommerce-project\server\src\controller\auth.ts:4:12)
    at isAuthorized (C:\Users\DEPOSITO\Desktop\LAUTARO\Coder\ecommerce-project\server\src\controller\auth.ts:90:16)
Jan-05-2022 19:38:51 | [31merror[39m : Error: 404. Message: The product wasn't found. Try another id.... Stack: Error: The product wasn't found. Try another id...
    at new ApiError (C:\Users\DEPOSITO\Desktop\LAUTARO\Coder\ecommerce-project\server\src\api\errorApi.ts:14:15)
    at Function.ApiError.notFound (C:\Users\DEPOSITO\Desktop\LAUTARO\Coder\ecommerce-project\server\src\api\errorApi.ts:26:16)
    at MongoProducts.<anonymous> (C:\Users\DEPOSITO\Desktop\LAUTARO\Coder\ecommerce-project\server\src\models\DAOs\Mongo\products.ts:64:34)
    at Generator.next (<anonymous>)
    at fulfilled (C:\Users\DEPOSITO\Desktop\LAUTARO\Coder\ecommerce-project\server\src\models\DAOs\Mongo\products.ts:5:58)
    at processTicksAndRejections (node:internal/process/task_queues:96:5)
Jan-05-2022 21:57:47 | [31merror[39m : Error: 400. Message: Please, type a valid id.. Stack: Error: Please, type a valid id.
    at new ApiError (D:\ESTUDIO\ecommerce\server\src\api\errorApi.ts:14:15)
    at Function.ApiError.badRequest (D:\ESTUDIO\ecommerce\server\src\api\errorApi.ts:23:16)
    at D:\ESTUDIO\ecommerce\server\src\controller\cart.ts:78:27
    at Generator.next (<anonymous>)
    at D:\ESTUDIO\ecommerce\server\src\controller\cart.ts:8:71
    at new Promise (<anonymous>)
    at __awaiter (D:\ESTUDIO\ecommerce\server\src\controller\cart.ts:4:12)
    at addToCart (D:\ESTUDIO\ecommerce\server\src\controller\cart.ts:47:16)
    at Layer.handle [as handle_request] (D:\ESTUDIO\ecommerce\server\node_modules\express\lib\router\layer.js:95:5)
    at next (D:\ESTUDIO\ecommerce\server\node_modules\express\lib\router\route.js:137:13)
Jan-05-2022 21:57:51 | [31merror[39m : Error: 400. Message: Please, type a valid id.. Stack: Error: Please, type a valid id.
    at new ApiError (D:\ESTUDIO\ecommerce\server\src\api\errorApi.ts:14:15)
    at Function.ApiError.badRequest (D:\ESTUDIO\ecommerce\server\src\api\errorApi.ts:23:16)
    at D:\ESTUDIO\ecommerce\server\src\controller\cart.ts:78:27
    at Generator.next (<anonymous>)
    at D:\ESTUDIO\ecommerce\server\src\controller\cart.ts:8:71
    at new Promise (<anonymous>)
    at __awaiter (D:\ESTUDIO\ecommerce\server\src\controller\cart.ts:4:12)
    at addToCart (D:\ESTUDIO\ecommerce\server\src\controller\cart.ts:47:16)
    at Layer.handle [as handle_request] (D:\ESTUDIO\ecommerce\server\node_modules\express\lib\router\layer.js:95:5)
    at next (D:\ESTUDIO\ecommerce\server\node_modules\express\lib\router\route.js:137:13)
Jan-05-2022 21:57:53 | [31merror[39m : Error: 400. Message: Please, type a valid id.. Stack: Error: Please, type a valid id.
    at new ApiError (D:\ESTUDIO\ecommerce\server\src\api\errorApi.ts:14:15)
    at Function.ApiError.badRequest (D:\ESTUDIO\ecommerce\server\src\api\errorApi.ts:23:16)
    at D:\ESTUDIO\ecommerce\server\src\controller\cart.ts:78:27
    at Generator.next (<anonymous>)
    at D:\ESTUDIO\ecommerce\server\src\controller\cart.ts:8:71
    at new Promise (<anonymous>)
    at __awaiter (D:\ESTUDIO\ecommerce\server\src\controller\cart.ts:4:12)
    at addToCart (D:\ESTUDIO\ecommerce\server\src\controller\cart.ts:47:16)
    at Layer.handle [as handle_request] (D:\ESTUDIO\ecommerce\server\node_modules\express\lib\router\layer.js:95:5)
    at next (D:\ESTUDIO\ecommerce\server\node_modules\express\lib\router\route.js:137:13)
Jan-05-2022 21:58:03 | [31merror[39m : Error: 404. Message: The product wasn't found. Try another id.... Stack: Error: The product wasn't found. Try another id...
    at new ApiError (D:\ESTUDIO\ecommerce\server\src\api\errorApi.ts:14:15)
    at Function.ApiError.notFound (D:\ESTUDIO\ecommerce\server\src\api\errorApi.ts:26:16)
    at MongoProducts.<anonymous> (D:\ESTUDIO\ecommerce\server\src\models\DAOs\Mongo\products.ts:65:34)
    at Generator.next (<anonymous>)
    at fulfilled (D:\ESTUDIO\ecommerce\server\src\models\DAOs\Mongo\products.ts:5:58)
    at processTicksAndRejections (internal/process/task_queues.js:93:5)
Jan-05-2022 21:58:08 | [31merror[39m : Error: 400. Message: Please, type a valid id.. Stack: Error: Please, type a valid id.
    at new ApiError (D:\ESTUDIO\ecommerce\server\src\api\errorApi.ts:14:15)
    at Function.ApiError.badRequest (D:\ESTUDIO\ecommerce\server\src\api\errorApi.ts:23:16)
    at D:\ESTUDIO\ecommerce\server\src\controller\cart.ts:78:27
    at Generator.next (<anonymous>)
    at D:\ESTUDIO\ecommerce\server\src\controller\cart.ts:8:71
    at new Promise (<anonymous>)
    at __awaiter (D:\ESTUDIO\ecommerce\server\src\controller\cart.ts:4:12)
    at addToCart (D:\ESTUDIO\ecommerce\server\src\controller\cart.ts:47:16)
    at Layer.handle [as handle_request] (D:\ESTUDIO\ecommerce\server\node_modules\express\lib\router\layer.js:95:5)
    at next (D:\ESTUDIO\ecommerce\server\node_modules\express\lib\router\route.js:137:13)
Jan-05-2022 22:19:16 | [31merror[39m : Error: 404. Message: There are no carts created.. Stack: Error: There are no carts created.
    at new ApiError (D:\ESTUDIO\ecommerce\server\src\api\errorApi.ts:14:15)
    at Function.ApiError.notFound (D:\ESTUDIO\ecommerce\server\src\api\errorApi.ts:26:16)
    at MongoCart.<anonymous> (D:\ESTUDIO\ecommerce\server\src\models\DAOs\Mongo\cart.ts:88:37)
    at Generator.next (<anonymous>)
    at fulfilled (D:\ESTUDIO\ecommerce\server\src\models\DAOs\Mongo\cart.ts:5:58)
    at processTicksAndRejections (internal/process/task_queues.js:93:5)
Jan-05-2022 22:31:42 | [31merror[39m : Error: 400. Message: Title must have only numbers and strings.. Stack: Error: Title must have only numbers and strings.
    at new ApiError (D:\ESTUDIO\ecommerce\server\src\api\errorApi.ts:14:15)
    at Function.ApiError.badRequest (D:\ESTUDIO\ecommerce\server\src\api\errorApi.ts:23:16)
    at D:\ESTUDIO\ecommerce\server\src\controller\products.ts:105:31
    at Generator.next (<anonymous>)
    at D:\ESTUDIO\ecommerce\server\src\controller\products.ts:8:71
    at new Promise (<anonymous>)
    at __awaiter (D:\ESTUDIO\ecommerce\server\src\controller\products.ts:4:12)
    at update (D:\ESTUDIO\ecommerce\server\src\controller\products.ts:100:16)
    at Layer.handle [as handle_request] (D:\ESTUDIO\ecommerce\server\node_modules\express\lib\router\layer.js:95:5)
    at next (D:\ESTUDIO\ecommerce\server\node_modules\express\lib\router\route.js:137:13)
Jan-05-2022 22:31:57 | [31merror[39m : Error: 400. Message: Title must have only numbers and strings.. Stack: Error: Title must have only numbers and strings.
    at new ApiError (D:\ESTUDIO\ecommerce\server\src\api\errorApi.ts:14:15)
    at Function.ApiError.badRequest (D:\ESTUDIO\ecommerce\server\src\api\errorApi.ts:23:16)
    at D:\ESTUDIO\ecommerce\server\src\controller\products.ts:105:31
    at Generator.next (<anonymous>)
    at D:\ESTUDIO\ecommerce\server\src\controller\products.ts:8:71
    at new Promise (<anonymous>)
    at __awaiter (D:\ESTUDIO\ecommerce\server\src\controller\products.ts:4:12)
    at update (D:\ESTUDIO\ecommerce\server\src\controller\products.ts:100:16)
    at Layer.handle [as handle_request] (D:\ESTUDIO\ecommerce\server\node_modules\express\lib\router\layer.js:95:5)
    at next (D:\ESTUDIO\ecommerce\server\node_modules\express\lib\router\route.js:137:13)
Jan-05-2022 22:35:06 | [31merror[39m : Error: 400. Message: You lack of permission for performing this operation.... Stack: Error: You lack of permission for performing this operation...
    at new ApiError (D:\ESTUDIO\ecommerce\server\src\api\errorApi.ts:14:15)
    at Function.ApiError.badRequest (D:\ESTUDIO\ecommerce\server\src\api\errorApi.ts:23:16)
    at D:\ESTUDIO\ecommerce\server\src\controller\auth.ts:111:35
    at D:\ESTUDIO\ecommerce\server\node_modules\jsonwebtoken\verify.js:152:16
    at getSecret (D:\ESTUDIO\ecommerce\server\node_modules\jsonwebtoken\verify.js:90:14)
    at module.exports (D:\ESTUDIO\ecommerce\server\node_modules\jsonwebtoken\verify.js:94:10)
    at D:\ESTUDIO\ecommerce\server\src\controller\auth.ts:109:19
    at Generator.next (<anonymous>)
    at D:\ESTUDIO\ecommerce\server\src\controller\auth.ts:8:71
    at new Promise (<anonymous>)
Jan-05-2022 22:40:02 | [31merror[39m : Error: undefined. Message: Unexpected token 	 in JSON at position 2. Stack: SyntaxError: Unexpected token 	 in JSON at position 2
    at JSON.parse (<anonymous>)
    at createStrictSyntaxError (D:\ESTUDIO\ecommerce\server\node_modules\body-parser\lib\types\json.js:158:10)
    at parse (D:\ESTUDIO\ecommerce\server\node_modules\body-parser\lib\types\json.js:83:15)
    at D:\ESTUDIO\ecommerce\server\node_modules\body-parser\lib\read.js:121:18
    at invokeCallback (D:\ESTUDIO\ecommerce\server\node_modules\raw-body\index.js:224:16)
    at done (D:\ESTUDIO\ecommerce\server\node_modules\raw-body\index.js:213:7)
    at IncomingMessage.onEnd (D:\ESTUDIO\ecommerce\server\node_modules\raw-body\index.js:273:7)
    at IncomingMessage.emit (events.js:327:22)
    at endReadableNT (internal/streams/readable.js:1327:12)
    at processTicksAndRejections (internal/process/task_queues.js:80:21)
Jan-05-2022 22:40:46 | [31merror[39m : Error: undefined. Message: Unexpected token 	 in JSON at position 2. Stack: SyntaxError: Unexpected token 	 in JSON at position 2
    at JSON.parse (<anonymous>)
    at createStrictSyntaxError (D:\ESTUDIO\ecommerce\server\node_modules\body-parser\lib\types\json.js:158:10)
    at parse (D:\ESTUDIO\ecommerce\server\node_modules\body-parser\lib\types\json.js:83:15)
    at D:\ESTUDIO\ecommerce\server\node_modules\body-parser\lib\read.js:121:18
    at invokeCallback (D:\ESTUDIO\ecommerce\server\node_modules\raw-body\index.js:224:16)
    at done (D:\ESTUDIO\ecommerce\server\node_modules\raw-body\index.js:213:7)
    at IncomingMessage.onEnd (D:\ESTUDIO\ecommerce\server\node_modules\raw-body\index.js:273:7)
    at IncomingMessage.emit (events.js:327:22)
    at endReadableNT (internal/streams/readable.js:1327:12)
    at processTicksAndRejections (internal/process/task_queues.js:80:21)
Jan-05-2022 22:43:18 | [31merror[39m : Error: 400. Message: The description must be shorter than 151 characters.. Stack: Error: The description must be shorter than 151 characters.
    at new ApiError (D:\ESTUDIO\ecommerce\server\src\api\errorApi.ts:14:15)
    at Function.ApiError.badRequest (D:\ESTUDIO\ecommerce\server\src\api\errorApi.ts:23:16)
    at D:\ESTUDIO\ecommerce\server\src\controller\products.ts:69:27
    at Generator.next (<anonymous>)
    at fulfilled (D:\ESTUDIO\ecommerce\server\src\controller\products.ts:5:58)
    at processTicksAndRejections (internal/process/task_queues.js:93:5)
Jan-05-2022 22:44:33 | [31merror[39m : Error: 400. Message: The code must contain only letters and numbers.. Stack: Error: The code must contain only letters and numbers.
    at new ApiError (D:\ESTUDIO\ecommerce\server\src\api\errorApi.ts:14:15)
    at Function.ApiError.badRequest (D:\ESTUDIO\ecommerce\server\src\api\errorApi.ts:23:16)
    at D:\ESTUDIO\ecommerce\server\src\controller\products.ts:69:27
    at Generator.next (<anonymous>)
    at fulfilled (D:\ESTUDIO\ecommerce\server\src\controller\products.ts:5:58)
    at processTicksAndRejections (internal/process/task_queues.js:93:5)
Jan-05-2022 22:45:15 | [31merror[39m : Error: 400. Message: "category" is not allowed. Stack: Error: "category" is not allowed
    at new ApiError (D:\ESTUDIO\ecommerce\server\src\api\errorApi.ts:14:15)
    at Function.ApiError.badRequest (D:\ESTUDIO\ecommerce\server\src\api\errorApi.ts:23:16)
    at D:\ESTUDIO\ecommerce\server\src\controller\products.ts:69:27
    at Generator.next (<anonymous>)
    at fulfilled (D:\ESTUDIO\ecommerce\server\src\controller\products.ts:5:58)
    at processTicksAndRejections (internal/process/task_queues.js:93:5)
Jan-05-2022 22:49:36 | [31merror[39m : Error: 400. Message: Please, upload at least one product image.... Stack: Error: Please, upload at least one product image...
    at new ApiError (D:\ESTUDIO\ecommerce\server\src\api\errorApi.ts:14:15)
    at Function.ApiError.badRequest (D:\ESTUDIO\ecommerce\server\src\api\errorApi.ts:23:16)
    at D:\ESTUDIO\ecommerce\server\src\controller\products.ts:90:31
    at Generator.next (<anonymous>)
    at fulfilled (D:\ESTUDIO\ecommerce\server\src\controller\products.ts:5:58)
    at processTicksAndRejections (internal/process/task_queues.js:93:5)
Jan-05-2022 22:54:05 | [31merror[39m : Error: 404. Message: No products matching the query. Stack: Error: No products matching the query
    at new ApiError (D:\ESTUDIO\ecommerce\server\src\api\errorApi.ts:14:15)
    at Function.ApiError.notFound (D:\ESTUDIO\ecommerce\server\src\api\errorApi.ts:26:16)
    at MongoProducts.<anonymous> (D:\ESTUDIO\ecommerce\server\src\models\DAOs\Mongo\products.ts:162:34)
    at Generator.next (<anonymous>)
    at fulfilled (D:\ESTUDIO\ecommerce\server\src\models\DAOs\Mongo\products.ts:5:58)
    at processTicksAndRejections (internal/process/task_queues.js:93:5)
Jan-06-2022 12:52:52 | [31merror[39m : Error: 400. Message: You must be logged in.. Stack: Error: You must be logged in.
    at new ApiError (D:\ESTUDIO\ecommerce\server\src\api\errorApi.ts:14:15)
    at Function.ApiError.badRequest (D:\ESTUDIO\ecommerce\server\src\api\errorApi.ts:23:16)
    at D:\ESTUDIO\ecommerce\server\src\controller\auth.ts:95:35
    at D:\ESTUDIO\ecommerce\server\node_modules\jsonwebtoken\verify.js:152:16
    at getSecret (D:\ESTUDIO\ecommerce\server\node_modules\jsonwebtoken\verify.js:90:14)
    at module.exports (D:\ESTUDIO\ecommerce\server\node_modules\jsonwebtoken\verify.js:94:10)
    at D:\ESTUDIO\ecommerce\server\src\controller\auth.ts:93:19
    at Generator.next (<anonymous>)
    at D:\ESTUDIO\ecommerce\server\src\controller\auth.ts:8:71
    at new Promise (<anonymous>)
Jan-06-2022 13:07:30 | [31merror[39m : Error: undefined. Message: Unexpected token } in JSON at position 129. Stack: SyntaxError: Unexpected token } in JSON at position 129
    at JSON.parse (<anonymous>)
    at parse (D:\ESTUDIO\ecommerce\server\node_modules\body-parser\lib\types\json.js:89:19)
    at D:\ESTUDIO\ecommerce\server\node_modules\body-parser\lib\read.js:121:18
    at invokeCallback (D:\ESTUDIO\ecommerce\server\node_modules\raw-body\index.js:224:16)
    at done (D:\ESTUDIO\ecommerce\server\node_modules\raw-body\index.js:213:7)
    at IncomingMessage.onEnd (D:\ESTUDIO\ecommerce\server\node_modules\raw-body\index.js:273:7)
    at IncomingMessage.emit (events.js:327:22)
    at endReadableNT (internal/streams/readable.js:1327:12)
    at processTicksAndRejections (internal/process/task_queues.js:80:21)
Jan-06-2022 13:07:55 | [31merror[39m : Error: undefined. Message: Unexpected token } in JSON at position 129. Stack: SyntaxError: Unexpected token } in JSON at position 129
    at JSON.parse (<anonymous>)
    at parse (D:\ESTUDIO\ecommerce\server\node_modules\body-parser\lib\types\json.js:89:19)
    at D:\ESTUDIO\ecommerce\server\node_modules\body-parser\lib\read.js:121:18
    at invokeCallback (D:\ESTUDIO\ecommerce\server\node_modules\raw-body\index.js:224:16)
    at done (D:\ESTUDIO\ecommerce\server\node_modules\raw-body\index.js:213:7)
    at IncomingMessage.onEnd (D:\ESTUDIO\ecommerce\server\node_modules\raw-body\index.js:273:7)
    at IncomingMessage.emit (events.js:327:22)
    at endReadableNT (internal/streams/readable.js:1327:12)
    at processTicksAndRejections (internal/process/task_queues.js:80:21)
Jan-06-2022 13:08:10 | [31merror[39m : Error: 500. Message: An error occured.. Stack: Error: An error occured.
    at new ApiError (D:\ESTUDIO\ecommerce\server\src\api\errorApi.ts:14:15)
    at Function.ApiError.internalError (D:\ESTUDIO\ecommerce\server\src\api\errorApi.ts:29:16)
    at MongoOrders.<anonymous> (D:\ESTUDIO\ecommerce\server\src\models\DAOs\Mongo\orders.ts:107:29)
    at Generator.throw (<anonymous>)
    at rejected (D:\ESTUDIO\ecommerce\server\src\models\DAOs\Mongo\orders.ts:6:65)
    at processTicksAndRejections (internal/process/task_queues.js:93:5)
Jan-06-2022 13:17:28 | [31merror[39m : Error: 500. Message: An error occured.. Stack: Error: An error occured.
    at new ApiError (D:\ESTUDIO\ecommerce\server\src\api\errorApi.ts:14:15)
    at Function.ApiError.internalError (D:\ESTUDIO\ecommerce\server\src\api\errorApi.ts:29:16)
    at MongoOrders.<anonymous> (D:\ESTUDIO\ecommerce\server\src\models\DAOs\Mongo\orders.ts:107:29)
    at Generator.throw (<anonymous>)
    at rejected (D:\ESTUDIO\ecommerce\server\src\models\DAOs\Mongo\orders.ts:6:65)
    at processTicksAndRejections (internal/process/task_queues.js:93:5)
Jan-06-2022 13:26:42 | [31merror[39m : Error: 500. Message: An error occured.. Stack: Error: An error occured.
    at new ApiError (D:\ESTUDIO\ecommerce\server\src\api\errorApi.ts:14:15)
    at Function.ApiError.internalError (D:\ESTUDIO\ecommerce\server\src\api\errorApi.ts:29:16)
    at MongoOrders.<anonymous> (D:\ESTUDIO\ecommerce\server\src\models\DAOs\Mongo\orders.ts:107:29)
    at Generator.throw (<anonymous>)
    at rejected (D:\ESTUDIO\ecommerce\server\src\models\DAOs\Mongo\orders.ts:6:65)
    at processTicksAndRejections (internal/process/task_queues.js:93:5)
Jan-06-2022 13:44:23 | [31merror[39m : Error: 500. Message: An error occured.. Stack: Error: An error occured.
    at new ApiError (D:\ESTUDIO\ecommerce\server\src\api\errorApi.ts:14:15)
    at Function.ApiError.internalError (D:\ESTUDIO\ecommerce\server\src\api\errorApi.ts:29:16)
    at MongoOrders.<anonymous> (D:\ESTUDIO\ecommerce\server\src\models\DAOs\Mongo\orders.ts:107:29)
    at Generator.throw (<anonymous>)
    at rejected (D:\ESTUDIO\ecommerce\server\src\models\DAOs\Mongo\orders.ts:6:65)
    at processTicksAndRejections (internal/process/task_queues.js:93:5)
Jan-06-2022 13:44:32 | [31merror[39m : Error: 400. Message: "street1" is required. Stack: Error: "street1" is required
    at new ApiError (D:\ESTUDIO\ecommerce\server\src\api\errorApi.ts:14:15)
    at Function.ApiError.badRequest (D:\ESTUDIO\ecommerce\server\src\api\errorApi.ts:23:16)
    at D:\ESTUDIO\ecommerce\server\src\controller\users.ts:75:27
    at Generator.next (<anonymous>)
    at fulfilled (D:\ESTUDIO\ecommerce\server\src\controller\users.ts:5:58)
    at processTicksAndRejections (internal/process/task_queues.js:93:5)
Jan-06-2022 13:48:11 | [31merror[39m : Error: 500. Message: An error occured.. Stack: Error: An error occured.
    at new ApiError (D:\ESTUDIO\ecommerce\server\src\api\errorApi.ts:14:15)
    at Function.ApiError.internalError (D:\ESTUDIO\ecommerce\server\src\api\errorApi.ts:29:16)
    at MongoOrders.<anonymous> (D:\ESTUDIO\ecommerce\server\src\models\DAOs\Mongo\orders.ts:82:29)
    at Generator.throw (<anonymous>)
    at rejected (D:\ESTUDIO\ecommerce\server\src\models\DAOs\Mongo\orders.ts:6:65)
    at processTicksAndRejections (internal/process/task_queues.js:93:5)
Jan-06-2022 13:49:47 | [31merror[39m : Error: 500. Message: An error occured.. Stack: Error: An error occured.
    at new ApiError (D:\ESTUDIO\ecommerce\server\src\api\errorApi.ts:14:15)
    at Function.ApiError.internalError (D:\ESTUDIO\ecommerce\server\src\api\errorApi.ts:29:16)
    at MongoOrders.<anonymous> (D:\ESTUDIO\ecommerce\server\src\models\DAOs\Mongo\orders.ts:82:29)
    at Generator.throw (<anonymous>)
    at rejected (D:\ESTUDIO\ecommerce\server\src\models\DAOs\Mongo\orders.ts:6:65)
    at processTicksAndRejections (internal/process/task_queues.js:93:5)
Jan-06-2022 15:27:09 | [31merror[39m : Error: 500. Message: An error occured.. Stack: Error: An error occured.
    at new ApiError (D:\ESTUDIO\ecommerce\server\src\api\errorApi.ts:14:15)
    at Function.ApiError.internalError (D:\ESTUDIO\ecommerce\server\src\api\errorApi.ts:29:16)
    at MongoOrders.<anonymous> (D:\ESTUDIO\ecommerce\server\src\models\DAOs\Mongo\orders.ts:127:29)
    at Generator.throw (<anonymous>)
    at rejected (D:\ESTUDIO\ecommerce\server\src\models\DAOs\Mongo\orders.ts:6:65)
    at processTicksAndRejections (internal/process/task_queues.js:93:5)
Jan-06-2022 15:29:44 | [31merror[39m : Error: 500. Message: An error occured.. Stack: Error: An error occured.
    at new ApiError (D:\ESTUDIO\ecommerce\server\src\api\errorApi.ts:14:15)
    at Function.ApiError.internalError (D:\ESTUDIO\ecommerce\server\src\api\errorApi.ts:29:16)
    at MongoOrders.<anonymous> (D:\ESTUDIO\ecommerce\server\src\models\DAOs\Mongo\orders.ts:127:29)
    at Generator.throw (<anonymous>)
    at rejected (D:\ESTUDIO\ecommerce\server\src\models\DAOs\Mongo\orders.ts:6:65)
    at processTicksAndRejections (internal/process/task_queues.js:93:5)
Jan-06-2022 15:31:28 | [31merror[39m : Error: 500. Message: An error occured.. Stack: Error: An error occured.
    at new ApiError (D:\ESTUDIO\ecommerce\server\src\api\errorApi.ts:14:15)
    at Function.ApiError.internalError (D:\ESTUDIO\ecommerce\server\src\api\errorApi.ts:29:16)
    at MongoOrders.<anonymous> (D:\ESTUDIO\ecommerce\server\src\models\DAOs\Mongo\orders.ts:127:29)
    at Generator.throw (<anonymous>)
    at rejected (D:\ESTUDIO\ecommerce\server\src\models\DAOs\Mongo\orders.ts:6:65)
    at processTicksAndRejections (internal/process/task_queues.js:93:5)
Jan-06-2022 15:34:20 | [31merror[39m : Error: 500. Message: An error occured.. Stack: Error: An error occured.
    at new ApiError (D:\ESTUDIO\ecommerce\server\src\api\errorApi.ts:14:15)
    at Function.ApiError.internalError (D:\ESTUDIO\ecommerce\server\src\api\errorApi.ts:29:16)
    at MongoOrders.<anonymous> (D:\ESTUDIO\ecommerce\server\src\models\DAOs\Mongo\orders.ts:127:29)
    at Generator.throw (<anonymous>)
    at rejected (D:\ESTUDIO\ecommerce\server\src\models\DAOs\Mongo\orders.ts:6:65)
    at processTicksAndRejections (internal/process/task_queues.js:93:5)
Jan-06-2022 15:36:49 | [31merror[39m : Error: 500. Message: An error occured.. Stack: Error: An error occured.
    at new ApiError (D:\ESTUDIO\ecommerce\server\src\api\errorApi.ts:14:15)
    at Function.ApiError.internalError (D:\ESTUDIO\ecommerce\server\src\api\errorApi.ts:29:16)
    at MongoOrders.<anonymous> (D:\ESTUDIO\ecommerce\server\src\models\DAOs\Mongo\orders.ts:127:29)
    at Generator.throw (<anonymous>)
    at rejected (D:\ESTUDIO\ecommerce\server\src\models\DAOs\Mongo\orders.ts:6:65)
    at processTicksAndRejections (internal/process/task_queues.js:93:5)
Jan-06-2022 15:38:55 | [31merror[39m : Error: 500. Message: An error occured.. Stack: Error: An error occured.
    at new ApiError (D:\ESTUDIO\ecommerce\server\src\api\errorApi.ts:14:15)
    at Function.ApiError.internalError (D:\ESTUDIO\ecommerce\server\src\api\errorApi.ts:29:16)
    at MongoOrders.<anonymous> (D:\ESTUDIO\ecommerce\server\src\models\DAOs\Mongo\orders.ts:127:29)
    at Generator.throw (<anonymous>)
    at rejected (D:\ESTUDIO\ecommerce\server\src\models\DAOs\Mongo\orders.ts:6:65)
    at processTicksAndRejections (internal/process/task_queues.js:93:5)
Jan-06-2022 16:00:19 | [31merror[39m : Error: 500. Message: An error occured.. Stack: Error: An error occured.
    at new ApiError (D:\ESTUDIO\ecommerce\server\src\api\errorApi.ts:14:15)
    at Function.ApiError.internalError (D:\ESTUDIO\ecommerce\server\src\api\errorApi.ts:29:16)
    at MongoOrders.<anonymous> (D:\ESTUDIO\ecommerce\server\src\models\DAOs\Mongo\orders.ts:129:29)
    at Generator.throw (<anonymous>)
    at rejected (D:\ESTUDIO\ecommerce\server\src\models\DAOs\Mongo\orders.ts:6:65)
    at processTicksAndRejections (internal/process/task_queues.js:93:5)
Jan-06-2022 16:11:00 | [31merror[39m : Error: 500. Message: An error occured.. Stack: Error: An error occured.
    at new ApiError (D:\ESTUDIO\ecommerce\server\src\api\errorApi.ts:14:15)
    at Function.ApiError.internalError (D:\ESTUDIO\ecommerce\server\src\api\errorApi.ts:29:16)
    at MongoOrders.<anonymous> (D:\ESTUDIO\ecommerce\server\src\models\DAOs\Mongo\orders.ts:95:29)
    at Generator.throw (<anonymous>)
    at rejected (D:\ESTUDIO\ecommerce\server\src\models\DAOs\Mongo\orders.ts:6:65)
    at processTicksAndRejections (internal/process/task_queues.js:93:5)
Jan-06-2022 16:13:44 | [31merror[39m : Error: 400. Message: It seems that one or more of the products you want to confirm in your order have been deleted.. Stack: Error: It seems that one or more of the products you want to confirm in your order have been deleted.
    at new ApiError (D:\ESTUDIO\ecommerce\server\src\api\errorApi.ts:14:15)
    at Function.ApiError.badRequest (D:\ESTUDIO\ecommerce\server\src\api\errorApi.ts:23:16)
    at D:\ESTUDIO\ecommerce\server\src\controller\orders.ts:95:27
    at Generator.next (<anonymous>)
    at fulfilled (D:\ESTUDIO\ecommerce\server\src\controller\orders.ts:5:58)
    at processTicksAndRejections (internal/process/task_queues.js:93:5)
Jan-06-2022 23:11:04 | [31merror[39m : Error: 400. Message: "username" is required. Stack: Error: "username" is required
    at new ApiError (D:\ESTUDIO\ecommerce\server\src\api\errorApi.ts:14:15)
    at Function.ApiError.badRequest (D:\ESTUDIO\ecommerce\server\src\api\errorApi.ts:23:16)
    at D:\ESTUDIO\ecommerce\server\src\controller\users.ts:59:27
    at Generator.next (<anonymous>)
    at fulfilled (D:\ESTUDIO\ecommerce\server\src\controller\users.ts:5:58)
    at processTicksAndRejections (internal/process/task_queues.js:93:5)
Jan-06-2022 23:19:13 | [31merror[39m : Error: 400. Message: "username" is required. Stack: Error: "username" is required
    at new ApiError (D:\ESTUDIO\ecommerce\server\src\api\errorApi.ts:14:15)
    at Function.ApiError.badRequest (D:\ESTUDIO\ecommerce\server\src\api\errorApi.ts:23:16)
    at D:\ESTUDIO\ecommerce\server\src\controller\users.ts:59:27
    at Generator.next (<anonymous>)
    at fulfilled (D:\ESTUDIO\ecommerce\server\src\controller\users.ts:5:58)
    at processTicksAndRejections (internal/process/task_queues.js:93:5)
Jan-06-2022 23:47:59 | [31merror[39m : Error: 400. Message: "username" is required. Stack: Error: "username" is required
    at new ApiError (D:\ESTUDIO\ecommerce\server\src\api\errorApi.ts:14:15)
    at Function.ApiError.badRequest (D:\ESTUDIO\ecommerce\server\src\api\errorApi.ts:23:16)
    at D:\ESTUDIO\ecommerce\server\src\controller\users.ts:59:27
    at Generator.next (<anonymous>)
    at fulfilled (D:\ESTUDIO\ecommerce\server\src\controller\users.ts:5:58)
    at processTicksAndRejections (internal/process/task_queues.js:93:5)
Jan-06-2022 23:48:15 | [31merror[39m : Error: 400. Message: "username" is required. Stack: Error: "username" is required
    at new ApiError (D:\ESTUDIO\ecommerce\server\src\api\errorApi.ts:14:15)
    at Function.ApiError.badRequest (D:\ESTUDIO\ecommerce\server\src\api\errorApi.ts:23:16)
    at D:\ESTUDIO\ecommerce\server\src\controller\users.ts:59:27
    at Generator.next (<anonymous>)
    at fulfilled (D:\ESTUDIO\ecommerce\server\src\controller\users.ts:5:58)
    at processTicksAndRejections (internal/process/task_queues.js:93:5)
Jan-06-2022 23:49:39 | [31merror[39m : Error: 400. Message: "username" is required. Stack: Error: "username" is required
    at new ApiError (D:\ESTUDIO\ecommerce\server\src\api\errorApi.ts:14:15)
    at Function.ApiError.badRequest (D:\ESTUDIO\ecommerce\server\src\api\errorApi.ts:23:16)
    at D:\ESTUDIO\ecommerce\server\src\controller\users.ts:59:27
    at Generator.next (<anonymous>)
    at fulfilled (D:\ESTUDIO\ecommerce\server\src\controller\users.ts:5:58)
    at processTicksAndRejections (internal/process/task_queues.js:93:5)
Jan-06-2022 23:53:48 | [31merror[39m : Error: 400. Message: "username" is required. Stack: Error: "username" is required
    at new ApiError (D:\ESTUDIO\ecommerce\server\src\api\errorApi.ts:14:15)
    at Function.ApiError.badRequest (D:\ESTUDIO\ecommerce\server\src\api\errorApi.ts:23:16)
    at D:\ESTUDIO\ecommerce\server\src\controller\users.ts:60:27
    at Generator.next (<anonymous>)
    at fulfilled (D:\ESTUDIO\ecommerce\server\src\controller\users.ts:5:58)
    at processTicksAndRejections (internal/process/task_queues.js:93:5)
Jan-06-2022 23:53:59 | [31merror[39m : Error: 400. Message: "username" is required. Stack: Error: "username" is required
    at new ApiError (D:\ESTUDIO\ecommerce\server\src\api\errorApi.ts:14:15)
    at Function.ApiError.badRequest (D:\ESTUDIO\ecommerce\server\src\api\errorApi.ts:23:16)
    at D:\ESTUDIO\ecommerce\server\src\controller\users.ts:60:27
    at Generator.next (<anonymous>)
    at fulfilled (D:\ESTUDIO\ecommerce\server\src\controller\users.ts:5:58)
    at processTicksAndRejections (internal/process/task_queues.js:93:5)
Jan-07-2022 00:05:00 | [31merror[39m : Error: 400. Message: The code must contain only letters and numbers.. Stack: Error: The code must contain only letters and numbers.
    at new ApiError (D:\ESTUDIO\ecommerce\server\src\api\errorApi.ts:14:15)
    at Function.ApiError.badRequest (D:\ESTUDIO\ecommerce\server\src\api\errorApi.ts:23:16)
    at D:\ESTUDIO\ecommerce\server\src\controller\products.ts:69:27
    at Generator.next (<anonymous>)
    at fulfilled (D:\ESTUDIO\ecommerce\server\src\controller\products.ts:5:58)
    at processTicksAndRejections (internal/process/task_queues.js:93:5)
Jan-07-2022 00:05:05 | [31merror[39m : Error: 400. Message: "category" is required. Stack: Error: "category" is required
    at new ApiError (D:\ESTUDIO\ecommerce\server\src\api\errorApi.ts:14:15)
    at Function.ApiError.badRequest (D:\ESTUDIO\ecommerce\server\src\api\errorApi.ts:23:16)
    at D:\ESTUDIO\ecommerce\server\src\controller\products.ts:69:27
    at Generator.next (<anonymous>)
    at fulfilled (D:\ESTUDIO\ecommerce\server\src\controller\products.ts:5:58)
    at processTicksAndRejections (internal/process/task_queues.js:93:5)
Jan-07-2022 00:05:22 | [31merror[39m : Error: 400. Message: Please, upload at least one product image.... Stack: Error: Please, upload at least one product image...
    at new ApiError (D:\ESTUDIO\ecommerce\server\src\api\errorApi.ts:14:15)
    at Function.ApiError.badRequest (D:\ESTUDIO\ecommerce\server\src\api\errorApi.ts:23:16)
    at D:\ESTUDIO\ecommerce\server\src\controller\products.ts:102:31
    at Generator.next (<anonymous>)
    at fulfilled (D:\ESTUDIO\ecommerce\server\src\controller\products.ts:5:58)
    at processTicksAndRejections (internal/process/task_queues.js:93:5)
Jan-07-2022 00:29:29 | [31merror[39m : Error: 404. Message: User not found.. Stack: Error: User not found.
    at new ApiError (D:\ESTUDIO\ecommerce\server\src\api\errorApi.ts:14:15)
    at Function.ApiError.notFound (D:\ESTUDIO\ecommerce\server\src\api\errorApi.ts:26:16)
    at MongoUsers.<anonymous> (D:\ESTUDIO\ecommerce\server\src\models\DAOs\Mongo\users.ts:147:33)
    at Generator.next (<anonymous>)
    at fulfilled (D:\ESTUDIO\ecommerce\server\src\models\DAOs\Mongo\users.ts:5:58)
    at processTicksAndRejections (internal/process/task_queues.js:93:5)
Jan-08-2022 12:02:40 | [31merror[39m : Error: 400. Message: Please, upload at least one product image.... Stack: Error: Please, upload at least one product image...
    at new ApiError (C:\Users\DEPOSITO\Desktop\LAUTARO\Coder\ecommerce-project\server\src\api\errorApi.ts:14:15)
    at Function.ApiError.badRequest (C:\Users\DEPOSITO\Desktop\LAUTARO\Coder\ecommerce-project\server\src\api\errorApi.ts:23:16)
    at C:\Users\DEPOSITO\Desktop\LAUTARO\Coder\ecommerce-project\server\src\controller\images.ts:42:27
    at Generator.next (<anonymous>)
    at C:\Users\DEPOSITO\Desktop\LAUTARO\Coder\ecommerce-project\server\src\controller\images.ts:8:71
    at new Promise (<anonymous>)
    at __awaiter (C:\Users\DEPOSITO\Desktop\LAUTARO\Coder\ecommerce-project\server\src\controller\images.ts:4:12)
    at save (C:\Users\DEPOSITO\Desktop\LAUTARO\Coder\ecommerce-project\server\src\controller\images.ts:20:16)
    at Layer.handle [as handle_request] (C:\Users\DEPOSITO\Desktop\LAUTARO\Coder\ecommerce-project\server\node_modules\express\lib\router\layer.js:95:5)
    at next (C:\Users\DEPOSITO\Desktop\LAUTARO\Coder\ecommerce-project\server\node_modules\express\lib\router\route.js:137:13)
Jan-08-2022 19:50:05 | [31merror[39m : Error: 404. Message: The product wasn't found. Try another id.... Stack: Error: The product wasn't found. Try another id...
    at new ApiError (D:\ESTUDIO\ecommerce\server\src\api\errorApi.ts:14:15)
    at Function.ApiError.notFound (D:\ESTUDIO\ecommerce\server\src\api\errorApi.ts:26:16)
    at MongoProducts.<anonymous> (D:\ESTUDIO\ecommerce\server\src\models\DAOs\Mongo\products.ts:110:33)
    at Generator.next (<anonymous>)
    at fulfilled (D:\ESTUDIO\ecommerce\server\src\models\DAOs\Mongo\products.ts:5:58)
    at processTicksAndRejections (internal/process/task_queues.js:93:5)
Jan-08-2022 20:07:55 | [31merror[39m : Error: 500. Message: An error occured.. Stack: Error: An error occured.
    at new ApiError (D:\ESTUDIO\ecommerce\server\src\api\errorApi.ts:14:15)
    at Function.ApiError.internalError (D:\ESTUDIO\ecommerce\server\src\api\errorApi.ts:29:16)
    at MongoProducts.<anonymous> (D:\ESTUDIO\ecommerce\server\src\models\DAOs\Mongo\products.ts:114:29)
    at Generator.next (<anonymous>)
    at fulfilled (D:\ESTUDIO\ecommerce\server\src\models\DAOs\Mongo\products.ts:5:58)
    at processTicksAndRejections (internal/process/task_queues.js:93:5)
Jan-08-2022 20:11:29 | [31merror[39m : Error: 500. Message: An error occured.. Stack: Error: An error occured.
    at new ApiError (D:\ESTUDIO\ecommerce\server\src\api\errorApi.ts:14:15)
    at Function.ApiError.internalError (D:\ESTUDIO\ecommerce\server\src\api\errorApi.ts:29:16)
    at MongoProducts.<anonymous> (D:\ESTUDIO\ecommerce\server\src\models\DAOs\Mongo\products.ts:114:29)
    at Generator.next (<anonymous>)
    at fulfilled (D:\ESTUDIO\ecommerce\server\src\models\DAOs\Mongo\products.ts:5:58)
    at processTicksAndRejections (internal/process/task_queues.js:93:5)
Jan-08-2022 20:34:26 | [31merror[39m : Error: 500. Message: An error occured.. Stack: Error: An error occured.
    at new ApiError (D:\ESTUDIO\ecommerce\server\src\api\errorApi.ts:14:15)
    at Function.ApiError.internalError (D:\ESTUDIO\ecommerce\server\src\api\errorApi.ts:29:16)
    at MongoProducts.<anonymous> (D:\ESTUDIO\ecommerce\server\src\models\DAOs\Mongo\products.ts:114:29)
    at Generator.next (<anonymous>)
    at fulfilled (D:\ESTUDIO\ecommerce\server\src\models\DAOs\Mongo\products.ts:5:58)
    at processTicksAndRejections (internal/process/task_queues.js:93:5)
Jan-08-2022 20:34:40 | [31merror[39m : Error: 500. Message: An error occured.. Stack: Error: An error occured.
    at new ApiError (D:\ESTUDIO\ecommerce\server\src\api\errorApi.ts:14:15)
    at Function.ApiError.internalError (D:\ESTUDIO\ecommerce\server\src\api\errorApi.ts:29:16)
    at MongoProducts.<anonymous> (D:\ESTUDIO\ecommerce\server\src\models\DAOs\Mongo\products.ts:114:29)
    at Generator.next (<anonymous>)
    at fulfilled (D:\ESTUDIO\ecommerce\server\src\models\DAOs\Mongo\products.ts:5:58)
    at processTicksAndRejections (internal/process/task_queues.js:93:5)
Jan-08-2022 20:48:26 | [31merror[39m : Error: 400. Message: You must be logged in.. Stack: Error: You must be logged in.
    at new ApiError (D:\ESTUDIO\ecommerce\server\src\api\errorApi.ts:14:15)
    at Function.ApiError.badRequest (D:\ESTUDIO\ecommerce\server\src\api\errorApi.ts:23:16)
    at D:\ESTUDIO\ecommerce\server\src\controller\auth.ts:119:27
    at Generator.next (<anonymous>)
    at D:\ESTUDIO\ecommerce\server\src\controller\auth.ts:8:71
    at new Promise (<anonymous>)
    at __awaiter (D:\ESTUDIO\ecommerce\server\src\controller\auth.ts:4:12)
    at isAdmin (D:\ESTUDIO\ecommerce\server\src\controller\auth.ts:108:16)
    at Layer.handle [as handle_request] (D:\ESTUDIO\ecommerce\server\node_modules\express\lib\router\layer.js:95:5)
    at next (D:\ESTUDIO\ecommerce\server\node_modules\express\lib\router\route.js:137:13)
Jan-08-2022 20:49:15 | [31merror[39m : Error: 400. Message: No photo ids received.. Stack: Error: No photo ids received.
    at new ApiError (D:\ESTUDIO\ecommerce\server\src\api\errorApi.ts:14:15)
    at Function.ApiError.badRequest (D:\ESTUDIO\ecommerce\server\src\api\errorApi.ts:23:16)
    at D:\ESTUDIO\ecommerce\server\src\controller\images.ts:62:27
    at Generator.next (<anonymous>)
    at D:\ESTUDIO\ecommerce\server\src\controller\images.ts:8:71
    at new Promise (<anonymous>)
    at __awaiter (D:\ESTUDIO\ecommerce\server\src\controller\images.ts:4:12)
    at delete (D:\ESTUDIO\ecommerce\server\src\controller\images.ts:53:16)
    at Layer.handle [as handle_request] (D:\ESTUDIO\ecommerce\server\node_modules\express\lib\router\layer.js:95:5)
    at next (D:\ESTUDIO\ecommerce\server\node_modules\express\lib\router\route.js:137:13)
Jan-11-2022 08:52:12 | [31merror[39m : Error: 400. Message: "value" is required. Stack: Error: "value" is required
    at new ApiError (D:\ESTUDIO\ecommerce\server\src\api\errorApi.ts:14:15)
    at Function.ApiError.badRequest (D:\ESTUDIO\ecommerce\server\src\api\errorApi.ts:23:16)
    at D:\ESTUDIO\ecommerce\server\src\controller\users.ts:75:27
    at Generator.next (<anonymous>)
    at D:\ESTUDIO\ecommerce\server\src\controller\users.ts:8:71
    at new Promise (<anonymous>)
    at __awaiter (D:\ESTUDIO\ecommerce\server\src\controller\users.ts:4:12)
    at addAddress (D:\ESTUDIO\ecommerce\server\src\controller\users.ts:68:16)
    at Layer.handle [as handle_request] (D:\ESTUDIO\ecommerce\server\node_modules\express\lib\router\layer.js:95:5)
    at next (D:\ESTUDIO\ecommerce\server\node_modules\express\lib\router\route.js:137:13)
Jan-11-2022 08:53:51 | [31merror[39m : Error: 500. Message: An error occured.. Stack: Error: An error occured.
    at new ApiError (D:\ESTUDIO\ecommerce\server\src\api\errorApi.ts:14:15)
    at Function.ApiError.internalError (D:\ESTUDIO\ecommerce\server\src\api\errorApi.ts:29:16)
    at MongoOrders.<anonymous> (D:\ESTUDIO\ecommerce\server\src\models\DAOs\Mongo\orders.ts:129:29)
    at Generator.throw (<anonymous>)
    at rejected (D:\ESTUDIO\ecommerce\server\src\models\DAOs\Mongo\orders.ts:6:65)
    at processTicksAndRejections (internal/process/task_queues.js:93:5)
Jan-11-2022 08:56:54 | [31merror[39m : Error: 500. Message: An error occured.. Stack: Error: An error occured.
    at new ApiError (D:\ESTUDIO\ecommerce\server\src\api\errorApi.ts:14:15)
    at Function.ApiError.internalError (D:\ESTUDIO\ecommerce\server\src\api\errorApi.ts:29:16)
    at MongoOrders.<anonymous> (D:\ESTUDIO\ecommerce\server\src\models\DAOs\Mongo\orders.ts:129:29)
    at Generator.throw (<anonymous>)
    at rejected (D:\ESTUDIO\ecommerce\server\src\models\DAOs\Mongo\orders.ts:6:65)
    at processTicksAndRejections (internal/process/task_queues.js:93:5)
Jan-11-2022 23:02:12 | [31merror[39m : Error: 400. Message: You lack of permission for performing this operation.... Stack: Error: You lack of permission for performing this operation...
    at new ApiError (D:\ESTUDIO\ecommerce\server\src\api\errorApi.ts:14:15)
    at Function.ApiError.badRequest (D:\ESTUDIO\ecommerce\server\src\api\errorApi.ts:23:16)
    at D:\ESTUDIO\ecommerce\server\src\controller\auth.ts:111:35
    at D:\ESTUDIO\ecommerce\server\node_modules\jsonwebtoken\verify.js:152:16
    at getSecret (D:\ESTUDIO\ecommerce\server\node_modules\jsonwebtoken\verify.js:90:14)
    at module.exports (D:\ESTUDIO\ecommerce\server\node_modules\jsonwebtoken\verify.js:94:10)
    at D:\ESTUDIO\ecommerce\server\src\controller\auth.ts:109:19
    at Generator.next (<anonymous>)
    at D:\ESTUDIO\ecommerce\server\src\controller\auth.ts:8:71
    at new Promise (<anonymous>)
Jan-11-2022 23:03:12 | [31merror[39m : Error: 400. Message: You must be logged in.. Stack: Error: You must be logged in.
    at new ApiError (D:\ESTUDIO\ecommerce\server\src\api\errorApi.ts:14:15)
    at Function.ApiError.badRequest (D:\ESTUDIO\ecommerce\server\src\api\errorApi.ts:23:16)
    at D:\ESTUDIO\ecommerce\server\src\controller\auth.ts:95:35
    at D:\ESTUDIO\ecommerce\server\node_modules\jsonwebtoken\verify.js:152:16
    at getSecret (D:\ESTUDIO\ecommerce\server\node_modules\jsonwebtoken\verify.js:90:14)
    at module.exports (D:\ESTUDIO\ecommerce\server\node_modules\jsonwebtoken\verify.js:94:10)
    at D:\ESTUDIO\ecommerce\server\src\controller\auth.ts:93:19
    at Generator.next (<anonymous>)
    at D:\ESTUDIO\ecommerce\server\src\controller\auth.ts:8:71
    at new Promise (<anonymous>)
